-- The C compiler identification is GNU 9.4.0
-- The CXX compiler identification is GNU 9.4.0
-- Check for working C compiler: /usr/bin/cc
-- Check for working C compiler: /usr/bin/cc -- works
-- Detecting C compiler ABI info
-- Detecting C compiler ABI info - done
-- Detecting C compile features
-- Detecting C compile features - done
-- Check for working CXX compiler: /usr/bin/c++
-- Check for working CXX compiler: /usr/bin/c++ -- works
-- Detecting CXX compiler ABI info
-- Detecting CXX compiler ABI info - done
-- Detecting CXX compile features
-- Detecting CXX compile features - done
-- Found ament_cmake: 0.9.12 (/opt/ros/foxy/share/ament_cmake/cmake)
-- Found PythonInterp: /usr/bin/python3 (found suitable version "3.8.10", minimum required is "3") 
-- Using PYTHON_EXECUTABLE: /usr/bin/python3
-- Found rclcpp: 2.4.3 (/opt/ros/foxy/share/rclcpp/cmake)
-- Using all available rosidl_typesupport_c: rosidl_typesupport_fastrtps_c;rosidl_typesupport_introspection_c
-- Found rosidl_adapter: 1.3.1 (/opt/ros/foxy/share/rosidl_adapter/cmake)
-- Found OpenSSL: /usr/lib/x86_64-linux-gnu/libcrypto.so (found version "1.1.1f")  
-- Found FastRTPS: /opt/ros/foxy/include  
-- Using all available rosidl_typesupport_cpp: rosidl_typesupport_fastrtps_cpp;rosidl_typesupport_introspection_cpp
-- Found rmw_implementation_cmake: 1.0.4 (/opt/ros/foxy/share/rmw_implementation_cmake/cmake)
-- Using RMW implementation 'rmw_fastrtps_cpp' as default
-- Looking for pthread.h
-- Looking for pthread.h - found
-- Performing Test CMAKE_HAVE_LIBC_PTHREAD
-- Performing Test CMAKE_HAVE_LIBC_PTHREAD - Failed
-- Looking for pthread_create in pthreads
-- Looking for pthread_create in pthreads - not found
-- Looking for pthread_create in pthread
-- Looking for pthread_create in pthread - found
-- Found Threads: TRUE  
-- Found rclcpp_action: 2.4.3 (/opt/ros/foxy/share/rclcpp_action/cmake)
-- Found geometry_msgs: 2.0.5 (/opt/ros/foxy/share/geometry_msgs/cmake)
-- Found nav2_msgs: 0.4.7 (/opt/ros/foxy/share/nav2_msgs/cmake)
-- Configuring done
-- Generating done
-- Build files have been written to: /home/gentleshaz/ros2_ws/l6/build/patrol_bot
[35m[1mScanning dependencies of target patrol_bot_node[0m
[ 50%] [32mBuilding CXX object CMakeFiles/patrol_bot_node.dir/src/patrol_bot_node.cpp.o[0m
[100%] [32m[1mLinking CXX executable patrol_bot_node[0m
[100%] Built target patrol_bot_node
-- Install configuration: ""
-- Installing: /home/gentleshaz/ros2_ws/l6/install/patrol_bot/lib/patrol_bot/patrol_bot_node
-- Set runtime path of "/home/gentleshaz/ros2_ws/l6/install/patrol_bot/lib/patrol_bot/patrol_bot_node" to ""
-- Installing: /home/gentleshaz/ros2_ws/l6/install/patrol_bot/share/patrol_bot/config
-- Installing: /home/gentleshaz/ros2_ws/l6/install/patrol_bot/share/patrol_bot/config/bridge.yaml
-- Installing: /home/gentleshaz/ros2_ws/l6/install/patrol_bot/share/ament_index/resource_index/package_run_dependencies/patrol_bot
-- Installing: /home/gentleshaz/ros2_ws/l6/install/patrol_bot/share/ament_index/resource_index/parent_prefix_path/patrol_bot
-- Installing: /home/gentleshaz/ros2_ws/l6/install/patrol_bot/share/patrol_bot/environment/ament_prefix_path.sh
-- Installing: /home/gentleshaz/ros2_ws/l6/install/patrol_bot/share/patrol_bot/environment/ament_prefix_path.dsv
-- Installing: /home/gentleshaz/ros2_ws/l6/install/patrol_bot/share/patrol_bot/environment/path.sh
-- Installing: /home/gentleshaz/ros2_ws/l6/install/patrol_bot/share/patrol_bot/environment/path.dsv
-- Installing: /home/gentleshaz/ros2_ws/l6/install/patrol_bot/share/patrol_bot/local_setup.bash
-- Installing: /home/gentleshaz/ros2_ws/l6/install/patrol_bot/share/patrol_bot/local_setup.sh
-- Installing: /home/gentleshaz/ros2_ws/l6/install/patrol_bot/share/patrol_bot/local_setup.zsh
-- Installing: /home/gentleshaz/ros2_ws/l6/install/patrol_bot/share/patrol_bot/local_setup.dsv
-- Installing: /home/gentleshaz/ros2_ws/l6/install/patrol_bot/share/patrol_bot/package.dsv
-- Installing: /home/gentleshaz/ros2_ws/l6/install/patrol_bot/share/ament_index/resource_index/packages/patrol_bot
-- Installing: /home/gentleshaz/ros2_ws/l6/install/patrol_bot/share/patrol_bot/cmake/patrol_botConfig.cmake
-- Installing: /home/gentleshaz/ros2_ws/l6/install/patrol_bot/share/patrol_bot/cmake/patrol_botConfig-version.cmake
-- Installing: /home/gentleshaz/ros2_ws/l6/install/patrol_bot/share/patrol_bot/package.xml
