[0.016s] Invoking command in '/home/gentleshaz/ros2_ws/l6/build/patrol_bot': CMAKE_PREFIX_PATH=/opt/ros/foxy:${CMAKE_PREFIX_PATH} /usr/bin/cmake /home/gentleshaz/ros2_ws/l6/src/patrol_bot -DCMAKE_INSTALL_PREFIX=/home/gentleshaz/ros2_ws/l6/install/patrol_bot
[0.108s] -- The C compiler identification is GNU 9.4.0
[0.189s] -- The CXX compiler identification is GNU 9.4.0
[0.192s] -- Check for working C compiler: /usr/bin/cc
[0.288s] -- Check for working C compiler: /usr/bin/cc -- works
[0.291s] -- Detecting C compiler ABI info
[0.391s] -- Detecting C compiler ABI info - done
[0.408s] -- Detecting C compile features
[0.409s] -- Detecting C compile features - done
[0.417s] -- Check for working CXX compiler: /usr/bin/c++
[0.525s] -- Check for working CXX compiler: /usr/bin/c++ -- works
[0.526s] -- Detecting CXX compiler ABI info
[0.641s] -- Detecting CXX compiler ABI info - done
[0.661s] -- Detecting CXX compile features
[0.662s] -- Detecting CXX compile features - done
[0.662s] -- Found ament_cmake: 0.9.12 (/opt/ros/foxy/share/ament_cmake/cmake)
[0.694s] -- Found PythonInterp: /usr/bin/python3 (found suitable version "3.8.10", minimum required is "3") 
[0.695s] -- Using PYTHON_EXECUTABLE: /usr/bin/python3
[0.961s] -- Found rclcpp: 2.4.3 (/opt/ros/foxy/share/rclcpp/cmake)
[1.011s] -- Using all available rosidl_typesupport_c: rosidl_typesupport_fastrtps_c;rosidl_typesupport_introspection_c
[1.018s] -- Found rosidl_adapter: 1.3.1 (/opt/ros/foxy/share/rosidl_adapter/cmake)
[1.148s] -- Found OpenSSL: /usr/lib/x86_64-linux-gnu/libcrypto.so (found version "1.1.1f")  
[1.188s] -- Found FastRTPS: /opt/ros/foxy/include  
[1.284s] -- Using all available rosidl_typesupport_cpp: rosidl_typesupport_fastrtps_cpp;rosidl_typesupport_introspection_cpp
[1.351s] -- Found rmw_implementation_cmake: 1.0.4 (/opt/ros/foxy/share/rmw_implementation_cmake/cmake)
[1.352s] -- Using RMW implementation 'rmw_fastrtps_cpp' as default
[1.353s] -- Looking for pthread.h
[1.463s] -- Looking for pthread.h - found
[1.464s] -- Performing Test CMAKE_HAVE_LIBC_PTHREAD
[1.574s] -- Performing Test CMAKE_HAVE_LIBC_PTHREAD - Failed
[1.574s] -- Looking for pthread_create in pthreads
[1.658s] -- Looking for pthread_create in pthreads - not found
[1.658s] -- Looking for pthread_create in pthread
[1.763s] -- Looking for pthread_create in pthread - found
[1.764s] -- Found Threads: TRUE  
[1.954s] -- Found rclcpp_action: 2.4.3 (/opt/ros/foxy/share/rclcpp_action/cmake)
[2.048s] -- Found geometry_msgs: 2.0.5 (/opt/ros/foxy/share/geometry_msgs/cmake)
[2.089s] -- Found nav2_msgs: 0.4.7 (/opt/ros/foxy/share/nav2_msgs/cmake)
[2.540s] -- Configuring done
[2.554s] -- Generating done
[2.560s] -- Build files have been written to: /home/gentleshaz/ros2_ws/l6/build/patrol_bot
[2.575s] Invoked command in '/home/gentleshaz/ros2_ws/l6/build/patrol_bot' returned '0': CMAKE_PREFIX_PATH=/opt/ros/foxy:${CMAKE_PREFIX_PATH} /usr/bin/cmake /home/gentleshaz/ros2_ws/l6/src/patrol_bot -DCMAKE_INSTALL_PREFIX=/home/gentleshaz/ros2_ws/l6/install/patrol_bot
[2.580s] Invoking command in '/home/gentleshaz/ros2_ws/l6/build/patrol_bot': CMAKE_PREFIX_PATH=/opt/ros/foxy:${CMAKE_PREFIX_PATH} /usr/bin/cmake --build /home/gentleshaz/ros2_ws/l6/build/patrol_bot -- -j4 -l4
[2.637s] [35m[1mScanning dependencies of target patrol_bot_node[0m
[2.697s] [ 50%] [32mBuilding CXX object CMakeFiles/patrol_bot_node.dir/src/patrol_bot_node.cpp.o[0m
[10.563s] [100%] [32m[1mLinking CXX executable patrol_bot_node[0m
[11.098s] [100%] Built target patrol_bot_node
[11.115s] Invoked command in '/home/gentleshaz/ros2_ws/l6/build/patrol_bot' returned '0': CMAKE_PREFIX_PATH=/opt/ros/foxy:${CMAKE_PREFIX_PATH} /usr/bin/cmake --build /home/gentleshaz/ros2_ws/l6/build/patrol_bot -- -j4 -l4
[11.136s] Invoking command in '/home/gentleshaz/ros2_ws/l6/build/patrol_bot': CMAKE_PREFIX_PATH=/opt/ros/foxy:${CMAKE_PREFIX_PATH} /usr/bin/cmake --install /home/gentleshaz/ros2_ws/l6/build/patrol_bot
[11.152s] -- Install configuration: ""
[11.152s] -- Installing: /home/gentleshaz/ros2_ws/l6/install/patrol_bot/lib/patrol_bot/patrol_bot_node
[11.158s] -- Set runtime path of "/home/gentleshaz/ros2_ws/l6/install/patrol_bot/lib/patrol_bot/patrol_bot_node" to ""
[11.158s] -- Installing: /home/gentleshaz/ros2_ws/l6/install/patrol_bot/share/patrol_bot/config
[11.159s] -- Installing: /home/gentleshaz/ros2_ws/l6/install/patrol_bot/share/patrol_bot/config/bridge.yaml
[11.159s] -- Installing: /home/gentleshaz/ros2_ws/l6/install/patrol_bot/share/ament_index/resource_index/package_run_dependencies/patrol_bot
[11.159s] -- Installing: /home/gentleshaz/ros2_ws/l6/install/patrol_bot/share/ament_index/resource_index/parent_prefix_path/patrol_bot
[11.161s] -- Installing: /home/gentleshaz/ros2_ws/l6/install/patrol_bot/share/patrol_bot/environment/ament_prefix_path.sh
[11.162s] -- Installing: /home/gentleshaz/ros2_ws/l6/install/patrol_bot/share/patrol_bot/environment/ament_prefix_path.dsv
[11.162s] -- Installing: /home/gentleshaz/ros2_ws/l6/install/patrol_bot/share/patrol_bot/environment/path.sh
[11.162s] -- Installing: /home/gentleshaz/ros2_ws/l6/install/patrol_bot/share/patrol_bot/environment/path.dsv
[11.162s] -- Installing: /home/gentleshaz/ros2_ws/l6/install/patrol_bot/share/patrol_bot/local_setup.bash
[11.162s] -- Installing: /home/gentleshaz/ros2_ws/l6/install/patrol_bot/share/patrol_bot/local_setup.sh
[11.162s] -- Installing: /home/gentleshaz/ros2_ws/l6/install/patrol_bot/share/patrol_bot/local_setup.zsh
[11.162s] -- Installing: /home/gentleshaz/ros2_ws/l6/install/patrol_bot/share/patrol_bot/local_setup.dsv
[11.162s] -- Installing: /home/gentleshaz/ros2_ws/l6/install/patrol_bot/share/patrol_bot/package.dsv
[11.162s] -- Installing: /home/gentleshaz/ros2_ws/l6/install/patrol_bot/share/ament_index/resource_index/packages/patrol_bot
[11.162s] -- Installing: /home/gentleshaz/ros2_ws/l6/install/patrol_bot/share/patrol_bot/cmake/patrol_botConfig.cmake
[11.162s] -- Installing: /home/gentleshaz/ros2_ws/l6/install/patrol_bot/share/patrol_bot/cmake/patrol_botConfig-version.cmake
[11.164s] -- Installing: /home/gentleshaz/ros2_ws/l6/install/patrol_bot/share/patrol_bot/package.xml
[11.168s] Invoked command in '/home/gentleshaz/ros2_ws/l6/build/patrol_bot' returned '0': CMAKE_PREFIX_PATH=/opt/ros/foxy:${CMAKE_PREFIX_PATH} /usr/bin/cmake --install /home/gentleshaz/ros2_ws/l6/build/patrol_bot
