[0.280s] DEBUG:colcon:Command line arguments: ['/usr/bin/colcon', 'build']
[0.281s] DEBUG:colcon:Parsed command line arguments: Namespace(allow_overriding=[], ament_cmake_args=None, base_paths=['.'], build_base='build', catkin_cmake_args=None, catkin_skip_building_tests=False, cmake_args=None, cmake_clean_cache=False, cmake_clean_first=False, cmake_force_configure=False, cmake_target=None, cmake_target_skip_unavailable=False, continue_on_error=False, event_handlers=None, executor='parallel', ignore_user_meta=False, install_base='install', log_base=None, log_level=None, main=<bound method BuildVerb.main of <colcon_core.verb.build.BuildVerb object at 0x7f9494600a60>>, merge_install=False, metas=['./colcon.meta'], packages_above=None, packages_above_and_dependencies=None, packages_above_depth=None, packages_end=None, packages_ignore=None, packages_ignore_regex=None, packages_select=None, packages_select_build_failed=False, packages_select_by_dep=None, packages_select_regex=None, packages_select_test_failures=False, packages_skip=None, packages_skip_build_finished=False, packages_skip_by_dep=None, packages_skip_regex=None, packages_skip_test_passed=False, packages_skip_up_to=None, packages_start=None, packages_up_to=None, packages_up_to_regex=None, parallel_workers=4, paths=None, symlink_install=False, test_result_base=None, verb_extension=<colcon_core.verb.build.BuildVerb object at 0x7f9494600a60>, verb_name='build', verb_parser=<colcon_defaults.argument_parser.defaults.DefaultArgumentsDecorator object at 0x7f949454bbe0>)
[0.493s] Level 1:colcon.colcon_core.package_discovery:discover_packages(colcon_meta) check parameters
[0.493s] Level 1:colcon.colcon_core.package_discovery:discover_packages(recursive) check parameters
[0.493s] Level 1:colcon.colcon_core.package_discovery:discover_packages(ignore) check parameters
[0.493s] Level 1:colcon.colcon_core.package_discovery:discover_packages(path) check parameters
[0.494s] Level 1:colcon.colcon_core.package_discovery:discover_packages(colcon_meta) discover
[0.494s] Level 1:colcon.colcon_core.package_discovery:discover_packages(recursive) discover
[0.494s] INFO:colcon.colcon_core.package_discovery:Crawling recursively for packages in '/home/gentleshaz/ros2_ws/l6'
[0.494s] Level 1:colcon.colcon_core.package_identification:_identify(.) by extensions ['ignore', 'ignore_ament_install']
[0.494s] Level 1:colcon.colcon_core.package_identification:_identify(.) by extension 'ignore'
[0.495s] Level 1:colcon.colcon_core.package_identification:_identify(.) by extension 'ignore_ament_install'
[0.495s] Level 1:colcon.colcon_core.package_identification:_identify(.) by extensions ['colcon_pkg']
[0.495s] Level 1:colcon.colcon_core.package_identification:_identify(.) by extension 'colcon_pkg'
[0.495s] Level 1:colcon.colcon_core.package_identification:_identify(.) by extensions ['colcon_meta']
[0.495s] Level 1:colcon.colcon_core.package_identification:_identify(.) by extension 'colcon_meta'
[0.495s] Level 1:colcon.colcon_core.package_identification:_identify(.) by extensions ['ros']
[0.495s] Level 1:colcon.colcon_core.package_identification:_identify(.) by extension 'ros'
[0.509s] Level 1:colcon.colcon_core.package_identification:_identify(.) by extensions ['cmake', 'python']
[0.509s] Level 1:colcon.colcon_core.package_identification:_identify(.) by extension 'cmake'
[0.509s] Level 1:colcon.colcon_core.package_identification:_identify(.) by extension 'python'
[0.509s] Level 1:colcon.colcon_core.package_identification:_identify(.) by extensions ['python_setup_py']
[0.509s] Level 1:colcon.colcon_core.package_identification:_identify(.) by extension 'python_setup_py'
[0.509s] Level 1:colcon.colcon_core.package_identification:_identify(build) by extensions ['ignore', 'ignore_ament_install']
[0.509s] Level 1:colcon.colcon_core.package_identification:_identify(build) by extension 'ignore'
[0.509s] Level 1:colcon.colcon_core.package_identification:_identify(build) ignored
[0.510s] Level 1:colcon.colcon_core.package_identification:_identify(install) by extensions ['ignore', 'ignore_ament_install']
[0.510s] Level 1:colcon.colcon_core.package_identification:_identify(install) by extension 'ignore'
[0.510s] Level 1:colcon.colcon_core.package_identification:_identify(install) ignored
[0.510s] Level 1:colcon.colcon_core.package_identification:_identify(log) by extensions ['ignore', 'ignore_ament_install']
[0.510s] Level 1:colcon.colcon_core.package_identification:_identify(log) by extension 'ignore'
[0.510s] Level 1:colcon.colcon_core.package_identification:_identify(log) ignored
[0.510s] Level 1:colcon.colcon_core.package_identification:_identify(src) by extensions ['ignore', 'ignore_ament_install']
[0.510s] Level 1:colcon.colcon_core.package_identification:_identify(src) by extension 'ignore'
[0.510s] Level 1:colcon.colcon_core.package_identification:_identify(src) by extension 'ignore_ament_install'
[0.510s] Level 1:colcon.colcon_core.package_identification:_identify(src) by extensions ['colcon_pkg']
[0.510s] Level 1:colcon.colcon_core.package_identification:_identify(src) by extension 'colcon_pkg'
[0.510s] Level 1:colcon.colcon_core.package_identification:_identify(src) by extensions ['colcon_meta']
[0.510s] Level 1:colcon.colcon_core.package_identification:_identify(src) by extension 'colcon_meta'
[0.510s] Level 1:colcon.colcon_core.package_identification:_identify(src) by extensions ['ros']
[0.510s] Level 1:colcon.colcon_core.package_identification:_identify(src) by extension 'ros'
[0.510s] Level 1:colcon.colcon_core.package_identification:_identify(src) by extensions ['cmake', 'python']
[0.510s] Level 1:colcon.colcon_core.package_identification:_identify(src) by extension 'cmake'
[0.512s] WARNING:colcon.colcon_cmake.package_identification.cmake:Ignoring 'src/CMakeLists.txt' since it seems to be a toplevel CMake file generated by 'catkin_make'
[0.513s] Level 1:colcon.colcon_core.package_identification:_identify(src) by extension 'python'
[0.513s] Level 1:colcon.colcon_core.package_identification:_identify(src) by extensions ['python_setup_py']
[0.513s] Level 1:colcon.colcon_core.package_identification:_identify(src) by extension 'python_setup_py'
[0.513s] Level 1:colcon.colcon_core.package_identification:_identify(src/patrol_bot) by extensions ['ignore', 'ignore_ament_install']
[0.513s] Level 1:colcon.colcon_core.package_identification:_identify(src/patrol_bot) by extension 'ignore'
[0.513s] Level 1:colcon.colcon_core.package_identification:_identify(src/patrol_bot) by extension 'ignore_ament_install'
[0.513s] Level 1:colcon.colcon_core.package_identification:_identify(src/patrol_bot) by extensions ['colcon_pkg']
[0.513s] Level 1:colcon.colcon_core.package_identification:_identify(src/patrol_bot) by extension 'colcon_pkg'
[0.513s] Level 1:colcon.colcon_core.package_identification:_identify(src/patrol_bot) by extensions ['colcon_meta']
[0.513s] Level 1:colcon.colcon_core.package_identification:_identify(src/patrol_bot) by extension 'colcon_meta'
[0.513s] Level 1:colcon.colcon_core.package_identification:_identify(src/patrol_bot) by extensions ['ros']
[0.513s] Level 1:colcon.colcon_core.package_identification:_identify(src/patrol_bot) by extension 'ros'
[0.517s] DEBUG:colcon.colcon_core.package_identification:Package 'src/patrol_bot' with type 'ros.ament_cmake' and name 'patrol_bot'
[0.517s] Level 1:colcon.colcon_core.package_discovery:discover_packages(recursive) using defaults
[0.517s] Level 1:colcon.colcon_core.package_discovery:discover_packages(ignore) discover
[0.517s] Level 1:colcon.colcon_core.package_discovery:discover_packages(ignore) using defaults
[0.517s] Level 1:colcon.colcon_core.package_discovery:discover_packages(path) discover
[0.517s] Level 1:colcon.colcon_core.package_discovery:discover_packages(path) using defaults
[0.537s] Level 1:colcon.colcon_core.package_discovery:discover_packages(prefix_path) check parameters
[0.537s] Level 1:colcon.colcon_core.package_discovery:discover_packages(prefix_path) discover
[0.540s] DEBUG:colcon.colcon_installed_package_information.package_discovery:Found 183 installed packages in /opt/ros/foxy
[0.544s] Level 1:colcon.colcon_core.package_discovery:discover_packages(prefix_path) using defaults
[0.625s] Level 5:colcon.colcon_core.verb:set package 'patrol_bot' build argument 'cmake_args' from command line to 'None'
[0.625s] Level 5:colcon.colcon_core.verb:set package 'patrol_bot' build argument 'cmake_target' from command line to 'None'
[0.625s] Level 5:colcon.colcon_core.verb:set package 'patrol_bot' build argument 'cmake_target_skip_unavailable' from command line to 'False'
[0.625s] Level 5:colcon.colcon_core.verb:set package 'patrol_bot' build argument 'cmake_clean_cache' from command line to 'False'
[0.625s] Level 5:colcon.colcon_core.verb:set package 'patrol_bot' build argument 'cmake_clean_first' from command line to 'False'
[0.625s] Level 5:colcon.colcon_core.verb:set package 'patrol_bot' build argument 'cmake_force_configure' from command line to 'False'
[0.625s] Level 5:colcon.colcon_core.verb:set package 'patrol_bot' build argument 'ament_cmake_args' from command line to 'None'
[0.625s] Level 5:colcon.colcon_core.verb:set package 'patrol_bot' build argument 'catkin_cmake_args' from command line to 'None'
[0.625s] Level 5:colcon.colcon_core.verb:set package 'patrol_bot' build argument 'catkin_skip_building_tests' from command line to 'False'
[0.625s] DEBUG:colcon.colcon_core.verb:Building package 'patrol_bot' with the following arguments: {'ament_cmake_args': None, 'build_base': '/home/gentleshaz/ros2_ws/l6/build/patrol_bot', 'catkin_cmake_args': None, 'catkin_skip_building_tests': False, 'cmake_args': None, 'cmake_clean_cache': False, 'cmake_clean_first': False, 'cmake_force_configure': False, 'cmake_target': None, 'cmake_target_skip_unavailable': False, 'install_base': '/home/gentleshaz/ros2_ws/l6/install/patrol_bot', 'merge_install': False, 'path': '/home/gentleshaz/ros2_ws/l6/src/patrol_bot', 'symlink_install': False, 'test_result_base': None}
[0.626s] INFO:colcon.colcon_core.executor:Executing jobs using 'parallel' executor
[0.627s] DEBUG:colcon.colcon_parallel_executor.executor.parallel:run_until_complete
[0.627s] INFO:colcon.colcon_ros.task.ament_cmake.build:Building ROS package in '/home/gentleshaz/ros2_ws/l6/src/patrol_bot' with build type 'ament_cmake'
[0.628s] INFO:colcon.colcon_cmake.task.cmake.build:Building CMake package in '/home/gentleshaz/ros2_ws/l6/src/patrol_bot'
[0.630s] INFO:colcon.colcon_core.plugin_system:Skipping extension 'colcon_core.shell.bat': Not used on non-Windows systems
[0.630s] INFO:colcon.colcon_core.shell:Skip shell extension 'powershell' for command environment: Not usable outside of PowerShell
[0.630s] DEBUG:colcon.colcon_core.shell:Skip shell extension 'dsv' for command environment
[0.632s] DEBUG:colcon.colcon_core.shell:Ignoring prefix path '/opt/ros/noetic'
[0.645s] DEBUG:colcon.colcon_core.event_handler.log_command:Invoking command in '/home/gentleshaz/ros2_ws/l6/build/patrol_bot': CMAKE_PREFIX_PATH=/opt/ros/foxy:${CMAKE_PREFIX_PATH} /usr/bin/cmake /home/gentleshaz/ros2_ws/l6/src/patrol_bot -DCMAKE_INSTALL_PREFIX=/home/gentleshaz/ros2_ws/l6/install/patrol_bot
[3.203s] DEBUG:colcon.colcon_core.event_handler.log_command:Invoked command in '/home/gentleshaz/ros2_ws/l6/build/patrol_bot' returned '0': CMAKE_PREFIX_PATH=/opt/ros/foxy:${CMAKE_PREFIX_PATH} /usr/bin/cmake /home/gentleshaz/ros2_ws/l6/src/patrol_bot -DCMAKE_INSTALL_PREFIX=/home/gentleshaz/ros2_ws/l6/install/patrol_bot
[3.208s] DEBUG:colcon.colcon_core.event_handler.log_command:Invoking command in '/home/gentleshaz/ros2_ws/l6/build/patrol_bot': CMAKE_PREFIX_PATH=/opt/ros/foxy:${CMAKE_PREFIX_PATH} /usr/bin/cmake --build /home/gentleshaz/ros2_ws/l6/build/patrol_bot -- -j4 -l4
[11.744s] DEBUG:colcon.colcon_core.event_handler.log_command:Invoked command in '/home/gentleshaz/ros2_ws/l6/build/patrol_bot' returned '0': CMAKE_PREFIX_PATH=/opt/ros/foxy:${CMAKE_PREFIX_PATH} /usr/bin/cmake --build /home/gentleshaz/ros2_ws/l6/build/patrol_bot -- -j4 -l4
[11.764s] DEBUG:colcon.colcon_core.event_handler.log_command:Invoking command in '/home/gentleshaz/ros2_ws/l6/build/patrol_bot': CMAKE_PREFIX_PATH=/opt/ros/foxy:${CMAKE_PREFIX_PATH} /usr/bin/cmake --install /home/gentleshaz/ros2_ws/l6/build/patrol_bot
[11.794s] Level 1:colcon.colcon_core.environment:create_environment_scripts_only(patrol_bot)
[11.796s] DEBUG:colcon.colcon_core.event_handler.log_command:Invoked command in '/home/gentleshaz/ros2_ws/l6/build/patrol_bot' returned '0': CMAKE_PREFIX_PATH=/opt/ros/foxy:${CMAKE_PREFIX_PATH} /usr/bin/cmake --install /home/gentleshaz/ros2_ws/l6/build/patrol_bot
[11.798s] Level 1:colcon.colcon_core.environment:checking '/home/gentleshaz/ros2_ws/l6/install/patrol_bot' for CMake module files
[11.799s] Level 1:colcon.colcon_core.environment:checking '/home/gentleshaz/ros2_ws/l6/install/patrol_bot' for CMake config files
[11.799s] Level 1:colcon.colcon_core.shell:create_environment_hook('patrol_bot', 'cmake_prefix_path')
[11.799s] INFO:colcon.colcon_core.shell:Creating environment hook '/home/gentleshaz/ros2_ws/l6/install/patrol_bot/share/patrol_bot/hook/cmake_prefix_path.ps1'
[11.800s] INFO:colcon.colcon_core.shell:Creating environment descriptor '/home/gentleshaz/ros2_ws/l6/install/patrol_bot/share/patrol_bot/hook/cmake_prefix_path.dsv'
[11.801s] INFO:colcon.colcon_core.shell:Creating environment hook '/home/gentleshaz/ros2_ws/l6/install/patrol_bot/share/patrol_bot/hook/cmake_prefix_path.sh'
[11.802s] Level 1:colcon.colcon_core.environment:checking '/home/gentleshaz/ros2_ws/l6/install/patrol_bot/lib'
[11.802s] Level 1:colcon.colcon_core.environment:checking '/home/gentleshaz/ros2_ws/l6/install/patrol_bot/bin'
[11.802s] Level 1:colcon.colcon_core.environment:checking '/home/gentleshaz/ros2_ws/l6/install/patrol_bot/lib/pkgconfig/patrol_bot.pc'
[11.802s] Level 1:colcon.colcon_core.environment:checking '/home/gentleshaz/ros2_ws/l6/install/patrol_bot/lib/python3.8/site-packages'
[11.803s] Level 1:colcon.colcon_core.environment:checking '/home/gentleshaz/ros2_ws/l6/install/patrol_bot/bin'
[11.803s] INFO:colcon.colcon_core.shell:Creating package script '/home/gentleshaz/ros2_ws/l6/install/patrol_bot/share/patrol_bot/package.ps1'
[11.804s] INFO:colcon.colcon_core.shell:Creating package descriptor '/home/gentleshaz/ros2_ws/l6/install/patrol_bot/share/patrol_bot/package.dsv'
[11.804s] INFO:colcon.colcon_core.shell:Creating package script '/home/gentleshaz/ros2_ws/l6/install/patrol_bot/share/patrol_bot/package.sh'
[11.805s] INFO:colcon.colcon_core.shell:Creating package script '/home/gentleshaz/ros2_ws/l6/install/patrol_bot/share/patrol_bot/package.bash'
[11.806s] INFO:colcon.colcon_core.shell:Creating package script '/home/gentleshaz/ros2_ws/l6/install/patrol_bot/share/patrol_bot/package.zsh'
[11.807s] Level 1:colcon.colcon_core.environment:create_file_with_runtime_dependencies(/home/gentleshaz/ros2_ws/l6/install/patrol_bot/share/colcon-core/packages/patrol_bot)
[11.808s] Level 1:colcon.colcon_core.environment:create_environment_scripts_only(patrol_bot)
[11.809s] Level 1:colcon.colcon_core.environment:checking '/home/gentleshaz/ros2_ws/l6/install/patrol_bot' for CMake module files
[11.809s] Level 1:colcon.colcon_core.environment:checking '/home/gentleshaz/ros2_ws/l6/install/patrol_bot' for CMake config files
[11.810s] Level 1:colcon.colcon_core.shell:create_environment_hook('patrol_bot', 'cmake_prefix_path')
[11.810s] INFO:colcon.colcon_core.shell:Creating environment hook '/home/gentleshaz/ros2_ws/l6/install/patrol_bot/share/patrol_bot/hook/cmake_prefix_path.ps1'
[11.810s] INFO:colcon.colcon_core.shell:Creating environment descriptor '/home/gentleshaz/ros2_ws/l6/install/patrol_bot/share/patrol_bot/hook/cmake_prefix_path.dsv'
[11.811s] INFO:colcon.colcon_core.shell:Creating environment hook '/home/gentleshaz/ros2_ws/l6/install/patrol_bot/share/patrol_bot/hook/cmake_prefix_path.sh'
[11.811s] Level 1:colcon.colcon_core.environment:checking '/home/gentleshaz/ros2_ws/l6/install/patrol_bot/lib'
[11.811s] Level 1:colcon.colcon_core.environment:checking '/home/gentleshaz/ros2_ws/l6/install/patrol_bot/bin'
[11.811s] Level 1:colcon.colcon_core.environment:checking '/home/gentleshaz/ros2_ws/l6/install/patrol_bot/lib/pkgconfig/patrol_bot.pc'
[11.812s] Level 1:colcon.colcon_core.environment:checking '/home/gentleshaz/ros2_ws/l6/install/patrol_bot/lib/python3.8/site-packages'
[11.812s] Level 1:colcon.colcon_core.environment:checking '/home/gentleshaz/ros2_ws/l6/install/patrol_bot/bin'
[11.812s] INFO:colcon.colcon_core.shell:Creating package script '/home/gentleshaz/ros2_ws/l6/install/patrol_bot/share/patrol_bot/package.ps1'
[11.813s] INFO:colcon.colcon_core.shell:Creating package descriptor '/home/gentleshaz/ros2_ws/l6/install/patrol_bot/share/patrol_bot/package.dsv'
[11.813s] INFO:colcon.colcon_core.shell:Creating package script '/home/gentleshaz/ros2_ws/l6/install/patrol_bot/share/patrol_bot/package.sh'
[11.814s] INFO:colcon.colcon_core.shell:Creating package script '/home/gentleshaz/ros2_ws/l6/install/patrol_bot/share/patrol_bot/package.bash'
[11.814s] INFO:colcon.colcon_core.shell:Creating package script '/home/gentleshaz/ros2_ws/l6/install/patrol_bot/share/patrol_bot/package.zsh'
[11.815s] Level 1:colcon.colcon_core.environment:create_file_with_runtime_dependencies(/home/gentleshaz/ros2_ws/l6/install/patrol_bot/share/colcon-core/packages/patrol_bot)
[11.815s] DEBUG:colcon.colcon_parallel_executor.executor.parallel:closing loop
[11.816s] DEBUG:colcon.colcon_parallel_executor.executor.parallel:loop closed
[11.816s] DEBUG:colcon.colcon_parallel_executor.executor.parallel:run_until_complete finished with '0'
[11.816s] DEBUG:colcon.colcon_core.event_reactor:joining thread
[11.826s] INFO:colcon.colcon_core.plugin_system:Skipping extension 'colcon_notification.desktop_notification.terminal_notifier': Not used on non-Darwin systems
[11.826s] INFO:colcon.colcon_core.plugin_system:Skipping extension 'colcon_notification.desktop_notification.win32': Not used on non-Windows systems
[11.826s] INFO:colcon.colcon_notification.desktop_notification:Sending desktop notification using 'notify2'
[11.845s] DEBUG:colcon.colcon_core.event_reactor:joined thread
[11.845s] INFO:colcon.colcon_core.shell:Creating prefix script '/home/gentleshaz/ros2_ws/l6/install/local_setup.ps1'
[11.850s] INFO:colcon.colcon_core.shell:Creating prefix util module '/home/gentleshaz/ros2_ws/l6/install/_local_setup_util_ps1.py'
[11.852s] INFO:colcon.colcon_core.shell:Creating prefix chain script '/home/gentleshaz/ros2_ws/l6/install/setup.ps1'
[11.854s] INFO:colcon.colcon_core.shell:Creating prefix script '/home/gentleshaz/ros2_ws/l6/install/local_setup.sh'
[11.855s] INFO:colcon.colcon_core.shell:Creating prefix util module '/home/gentleshaz/ros2_ws/l6/install/_local_setup_util_sh.py'
[11.855s] INFO:colcon.colcon_core.shell:Creating prefix chain script '/home/gentleshaz/ros2_ws/l6/install/setup.sh'
[11.856s] INFO:colcon.colcon_core.shell:Creating prefix script '/home/gentleshaz/ros2_ws/l6/install/local_setup.bash'
[11.857s] INFO:colcon.colcon_core.shell:Creating prefix chain script '/home/gentleshaz/ros2_ws/l6/install/setup.bash'
[11.858s] INFO:colcon.colcon_core.shell:Creating prefix script '/home/gentleshaz/ros2_ws/l6/install/local_setup.zsh'
[11.858s] INFO:colcon.colcon_core.shell:Creating prefix chain script '/home/gentleshaz/ros2_ws/l6/install/setup.zsh'
