[0.020s] Invoking command in '/home/gentleshaz/ros2_ws/l4/build/switcher': CMAKE_PREFIX_PATH=/opt/ros/foxy:${CMAKE_PREFIX_PATH} /usr/bin/cmake /home/gentleshaz/ros2_ws/l4/src/switcher -DCMAKE_INSTALL_PREFIX=/home/gentleshaz/ros2_ws/l4/install/switcher
[0.083s] -- The C compiler identification is GNU 9.4.0
[0.146s] -- The CXX compiler identification is GNU 9.4.0
[0.151s] -- Check for working C compiler: /usr/bin/cc
[0.228s] -- Check for working C compiler: /usr/bin/cc -- works
[0.229s] -- Detecting C compiler ABI info
[0.304s] -- Detecting C compiler ABI info - done
[0.317s] -- Detecting C compile features
[0.318s] -- Detecting C compile features - done
[0.320s] -- Check for working CXX compiler: /usr/bin/c++
[0.408s] -- Check for working CXX compiler: /usr/bin/c++ -- works
[0.410s] -- Detecting CXX compiler ABI info
[0.499s] -- Detecting CXX compiler ABI info - done
[0.511s] -- Detecting CXX compile features
[0.511s] -- Detecting CXX compile features - done
[0.513s] -- Found ament_cmake: 0.9.12 (/opt/ros/foxy/share/ament_cmake/cmake)
[0.539s] -- Found PythonInterp: /usr/bin/python3 (found suitable version "3.8.10", minimum required is "3") 
[0.539s] -- Using PYTHON_EXECUTABLE: /usr/bin/python3
[0.787s] -- Found rclcpp: 2.4.3 (/opt/ros/foxy/share/rclcpp/cmake)
[0.834s] -- Using all available rosidl_typesupport_c: rosidl_typesupport_fastrtps_c;rosidl_typesupport_introspection_c
[0.840s] -- Found rosidl_adapter: 1.3.1 (/opt/ros/foxy/share/rosidl_adapter/cmake)
[0.942s] -- Found OpenSSL: /usr/lib/x86_64-linux-gnu/libcrypto.so (found version "1.1.1f")  
[0.976s] -- Found FastRTPS: /opt/ros/foxy/include  
[1.059s] -- Using all available rosidl_typesupport_cpp: rosidl_typesupport_fastrtps_cpp;rosidl_typesupport_introspection_cpp
[1.119s] -- Found rmw_implementation_cmake: 1.0.4 (/opt/ros/foxy/share/rmw_implementation_cmake/cmake)
[1.120s] -- Using RMW implementation 'rmw_fastrtps_cpp' as default
[1.121s] -- Looking for pthread.h
[1.204s] -- Looking for pthread.h - found
[1.205s] -- Performing Test CMAKE_HAVE_LIBC_PTHREAD
[1.285s] -- Performing Test CMAKE_HAVE_LIBC_PTHREAD - Failed
[1.285s] -- Looking for pthread_create in pthreads
[1.351s] -- Looking for pthread_create in pthreads - not found
[1.351s] -- Looking for pthread_create in pthread
[1.425s] -- Looking for pthread_create in pthread - found
[1.426s] -- Found Threads: TRUE  
[1.600s] -- Found ament_lint_auto: 0.9.8 (/opt/ros/foxy/share/ament_lint_auto/cmake)
[1.678s] -- Added test 'copyright' to check source files copyright and LICENSE
[1.679s] -- Added test 'cppcheck' to perform static code analysis on C / C++ code
[1.679s] -- Configured cppcheck include dirs: 
[1.679s] -- Configured cppcheck exclude dirs and/or files: 
[1.680s] -- Added test 'cpplint' to check C / C++ code against the Google style
[1.680s] -- Configured cpplint exclude dirs and/or files: 
[1.681s] -- Added test 'lint_cmake' to check CMake code style
[1.681s] -- Added test 'uncrustify' to check C / C++ code style
[1.681s] -- Configured uncrustify additional arguments: 
[1.682s] -- Added test 'xmllint' to check XML markup files
[1.686s] -- Configuring done
[1.695s] -- Generating done
[1.699s] -- Build files have been written to: /home/gentleshaz/ros2_ws/l4/build/switcher
[1.709s] Invoked command in '/home/gentleshaz/ros2_ws/l4/build/switcher' returned '0': CMAKE_PREFIX_PATH=/opt/ros/foxy:${CMAKE_PREFIX_PATH} /usr/bin/cmake /home/gentleshaz/ros2_ws/l4/src/switcher -DCMAKE_INSTALL_PREFIX=/home/gentleshaz/ros2_ws/l4/install/switcher
[1.713s] Invoking command in '/home/gentleshaz/ros2_ws/l4/build/switcher': CMAKE_PREFIX_PATH=/opt/ros/foxy:${CMAKE_PREFIX_PATH} /usr/bin/cmake --build /home/gentleshaz/ros2_ws/l4/build/switcher -- -j4 -l4
[1.754s] [35m[1mScanning dependencies of target switcher_node[0m
[1.799s] [ 50%] [32mBuilding CXX object CMakeFiles/switcher_node.dir/src/switcher_node.cpp.o[0m
[4.707s] [100%] [32m[1mLinking CXX executable switcher_node[0m
[4.925s] [100%] Built target switcher_node
[4.938s] Invoked command in '/home/gentleshaz/ros2_ws/l4/build/switcher' returned '0': CMAKE_PREFIX_PATH=/opt/ros/foxy:${CMAKE_PREFIX_PATH} /usr/bin/cmake --build /home/gentleshaz/ros2_ws/l4/build/switcher -- -j4 -l4
[4.954s] Invoking command in '/home/gentleshaz/ros2_ws/l4/build/switcher': CMAKE_PREFIX_PATH=/opt/ros/foxy:${CMAKE_PREFIX_PATH} /usr/bin/cmake --install /home/gentleshaz/ros2_ws/l4/build/switcher
[4.962s] -- Install configuration: ""
[4.962s] -- Installing: /home/gentleshaz/ros2_ws/l4/install/switcher/lib/switcher/switcher_node
[4.963s] -- Set runtime path of "/home/gentleshaz/ros2_ws/l4/install/switcher/lib/switcher/switcher_node" to ""
[4.963s] -- Installing: /home/gentleshaz/ros2_ws/l4/install/switcher/share/ament_index/resource_index/package_run_dependencies/switcher
[4.964s] -- Installing: /home/gentleshaz/ros2_ws/l4/install/switcher/share/ament_index/resource_index/parent_prefix_path/switcher
[4.964s] -- Installing: /home/gentleshaz/ros2_ws/l4/install/switcher/share/switcher/environment/ament_prefix_path.sh
[4.964s] -- Installing: /home/gentleshaz/ros2_ws/l4/install/switcher/share/switcher/environment/ament_prefix_path.dsv
[4.964s] -- Installing: /home/gentleshaz/ros2_ws/l4/install/switcher/share/switcher/environment/path.sh
[4.965s] -- Installing: /home/gentleshaz/ros2_ws/l4/install/switcher/share/switcher/environment/path.dsv
[4.965s] -- Installing: /home/gentleshaz/ros2_ws/l4/install/switcher/share/switcher/local_setup.bash
[4.965s] -- Installing: /home/gentleshaz/ros2_ws/l4/install/switcher/share/switcher/local_setup.sh
[4.965s] -- Installing: /home/gentleshaz/ros2_ws/l4/install/switcher/share/switcher/local_setup.zsh
[4.965s] -- Installing: /home/gentleshaz/ros2_ws/l4/install/switcher/share/switcher/local_setup.dsv
[4.965s] -- Installing: /home/gentleshaz/ros2_ws/l4/install/switcher/share/switcher/package.dsv
[4.966s] -- Installing: /home/gentleshaz/ros2_ws/l4/install/switcher/share/ament_index/resource_index/packages/switcher
[4.966s] -- Installing: /home/gentleshaz/ros2_ws/l4/install/switcher/share/switcher/cmake/switcherConfig.cmake
[4.966s] -- Installing: /home/gentleshaz/ros2_ws/l4/install/switcher/share/switcher/cmake/switcherConfig-version.cmake
[4.966s] -- Installing: /home/gentleshaz/ros2_ws/l4/install/switcher/share/switcher/package.xml
[4.969s] Invoked command in '/home/gentleshaz/ros2_ws/l4/build/switcher' returned '0': CMAKE_PREFIX_PATH=/opt/ros/foxy:${CMAKE_PREFIX_PATH} /usr/bin/cmake --install /home/gentleshaz/ros2_ws/l4/build/switcher
