[0.024s] Invoking command in '/home/gentleshaz/ros2_ws/l5/build/control_selector': CMAKE_PREFIX_PATH=/opt/ros/foxy:${CMAKE_PREFIX_PATH} /usr/bin/cmake /home/gentleshaz/ros2_ws/l5/src/control_selector -DCMAKE_INSTALL_PREFIX=/home/gentleshaz/ros2_ws/l5/install/control_selector
[0.182s] -- The C compiler identification is GNU 9.4.0
[0.253s] -- The CXX compiler identification is GNU 9.4.0
[0.263s] -- Check for working C compiler: /usr/bin/cc
[0.342s] -- Check for working C compiler: /usr/bin/cc -- works
[0.344s] -- Detecting C compiler ABI info
[0.423s] -- Detecting C compiler ABI info - done
[0.436s] -- Detecting C compile features
[0.437s] -- Detecting C compile features - done
[0.441s] -- Check for working CXX compiler: /usr/bin/c++
[0.534s] -- Check for working CXX compiler: /usr/bin/c++ -- works
[0.535s] -- Detecting CXX compiler ABI info
[0.627s] -- Detecting CXX compiler ABI info - done
[0.640s] -- Detecting CXX compile features
[0.640s] -- Detecting CXX compile features - done
[0.642s] -- Found ament_cmake: 0.9.12 (/opt/ros/foxy/share/ament_cmake/cmake)
[0.673s] -- Found PythonInterp: /usr/bin/python3 (found suitable version "3.8.10", minimum required is "3") 
[0.674s] -- Using PYTHON_EXECUTABLE: /usr/bin/python3
[0.934s] -- Found rclcpp: 2.4.3 (/opt/ros/foxy/share/rclcpp/cmake)
[1.000s] -- Using all available rosidl_typesupport_c: rosidl_typesupport_fastrtps_c;rosidl_typesupport_introspection_c
[1.008s] -- Found rosidl_adapter: 1.3.1 (/opt/ros/foxy/share/rosidl_adapter/cmake)
[1.137s] -- Found OpenSSL: /usr/lib/x86_64-linux-gnu/libcrypto.so (found version "1.1.1f")  
[1.176s] -- Found FastRTPS: /opt/ros/foxy/include  
[1.278s] -- Using all available rosidl_typesupport_cpp: rosidl_typesupport_fastrtps_cpp;rosidl_typesupport_introspection_cpp
[1.361s] -- Found rmw_implementation_cmake: 1.0.4 (/opt/ros/foxy/share/rmw_implementation_cmake/cmake)
[1.364s] -- Using RMW implementation 'rmw_fastrtps_cpp' as default
[1.366s] -- Looking for pthread.h
[1.458s] -- Looking for pthread.h - found
[1.458s] -- Performing Test CMAKE_HAVE_LIBC_PTHREAD
[1.542s] -- Performing Test CMAKE_HAVE_LIBC_PTHREAD - Failed
[1.542s] -- Looking for pthread_create in pthreads
[1.611s] -- Looking for pthread_create in pthreads - not found
[1.611s] -- Looking for pthread_create in pthread
[1.691s] -- Looking for pthread_create in pthread - found
[1.692s] -- Found Threads: TRUE  
[1.888s] -- Found geometry_msgs: 2.0.5 (/opt/ros/foxy/share/geometry_msgs/cmake)
[1.928s] -- Found sensor_msgs: 2.0.5 (/opt/ros/foxy/share/sensor_msgs/cmake)
[2.009s] -- Found nav_msgs: 2.0.5 (/opt/ros/foxy/share/nav_msgs/cmake)
[2.096s] -- Found ament_lint_auto: 0.9.8 (/opt/ros/foxy/share/ament_lint_auto/cmake)
[2.186s] -- Added test 'copyright' to check source files copyright and LICENSE
[2.188s] -- Added test 'cppcheck' to perform static code analysis on C / C++ code
[2.188s] -- Configured cppcheck include dirs: 
[2.188s] -- Configured cppcheck exclude dirs and/or files: 
[2.190s] -- Added test 'cpplint' to check C / C++ code against the Google style
[2.190s] -- Configured cpplint exclude dirs and/or files: 
[2.191s] -- Added test 'lint_cmake' to check CMake code style
[2.194s] -- Added test 'uncrustify' to check C / C++ code style
[2.194s] -- Configured uncrustify additional arguments: 
[2.195s] -- Added test 'xmllint' to check XML markup files
[2.200s] -- Configuring done
[2.212s] -- Generating done
[2.218s] -- Build files have been written to: /home/gentleshaz/ros2_ws/l5/build/control_selector
[2.228s] Invoked command in '/home/gentleshaz/ros2_ws/l5/build/control_selector' returned '0': CMAKE_PREFIX_PATH=/opt/ros/foxy:${CMAKE_PREFIX_PATH} /usr/bin/cmake /home/gentleshaz/ros2_ws/l5/src/control_selector -DCMAKE_INSTALL_PREFIX=/home/gentleshaz/ros2_ws/l5/install/control_selector
[2.231s] Invoking command in '/home/gentleshaz/ros2_ws/l5/build/control_selector': CMAKE_PREFIX_PATH=/opt/ros/foxy:${CMAKE_PREFIX_PATH} /usr/bin/cmake --build /home/gentleshaz/ros2_ws/l5/build/control_selector -- -j4 -l4
[2.273s] [35m[1mScanning dependencies of target control_selector_node[0m
[2.394s] [ 20%] [32mBuilding CXX object CMakeFiles/control_selector_node.dir/src/dummy_control.cpp.o[0m
[2.395s] [ 40%] [32mBuilding CXX object CMakeFiles/control_selector_node.dir/src/control_selector_node.cpp.o[0m
[2.399s] [ 60%] [32mBuilding CXX object CMakeFiles/control_selector_node.dir/src/wall_control.cpp.o[0m
[2.402s] [ 80%] [32mBuilding CXX object CMakeFiles/control_selector_node.dir/src/voyagercontrol.cpp.o[0m
[2.651s] In file included from [01m[K/home/gentleshaz/ros2_ws/l5/src/control_selector/src/dummy_control.cpp:1[m[K:
[2.651s] [01m[K/home/gentleshaz/ros2_ws/l5/src/control_selector/src/dummy_control.h:[m[K In member function ‘[01m[Kvirtual void DummyControl::setRobotPose(double, double, double)[m[K’:
[2.651s] [01m[K/home/gentleshaz/ros2_ws/l5/src/control_selector/src/dummy_control.h:11:30:[m[K [01;35m[Kwarning: [m[Kunused parameter ‘[01m[Kx[m[K’ [[01;35m[K-Wunused-parameter[m[K]
[2.651s]    11 |     void setRobotPose([01;35m[Kdouble x[m[K, double y, double theta) override {}
[2.651s]       |                       [01;35m[K~~~~~~~^[m[K
[2.651s] [01m[K/home/gentleshaz/ros2_ws/l5/src/control_selector/src/dummy_control.h:11:40:[m[K [01;35m[Kwarning: [m[Kunused parameter ‘[01m[Ky[m[K’ [[01;35m[K-Wunused-parameter[m[K]
[2.652s]    11 |     void setRobotPose(double x, [01;35m[Kdouble y[m[K, double theta) override {}
[2.652s]       |                                 [01;35m[K~~~~~~~^[m[K
[2.652s] [01m[K/home/gentleshaz/ros2_ws/l5/src/control_selector/src/dummy_control.h:11:50:[m[K [01;35m[Kwarning: [m[Kunused parameter ‘[01m[Ktheta[m[K’ [[01;35m[K-Wunused-parameter[m[K]
[2.652s]    11 |     void setRobotPose(double x, double y, [01;35m[Kdouble theta[m[K) override {}
[2.652s]       |                                           [01;35m[K~~~~~~~^~~~~[m[K
[2.664s] In file included from [01m[K/home/gentleshaz/ros2_ws/l5/src/control_selector/src/voyagercontrol.cpp:1[m[K:
[2.665s] [01m[K/home/gentleshaz/ros2_ws/l5/src/control_selector/src/voyagercontrol.h:[m[K In member function ‘[01m[Kvirtual void VoyagerControl::setRobotPose(double, double, double)[m[K’:
[2.665s] [01m[K/home/gentleshaz/ros2_ws/l5/src/control_selector/src/voyagercontrol.h:19:30:[m[K [01;35m[Kwarning: [m[Kunused parameter ‘[01m[Kx[m[K’ [[01;35m[K-Wunused-parameter[m[K]
[2.665s]    19 |     void setRobotPose([01;35m[Kdouble x[m[K, double y, double theta) override {}
[2.665s]       |                       [01;35m[K~~~~~~~^[m[K
[2.665s] [01m[K/home/gentleshaz/ros2_ws/l5/src/control_selector/src/voyagercontrol.h:19:40:[m[K [01;35m[Kwarning: [m[Kunused parameter ‘[01m[Ky[m[K’ [[01;35m[K-Wunused-parameter[m[K]
[2.665s]    19 |     void setRobotPose(double x, [01;35m[Kdouble y[m[K, double theta) override {}
[2.666s]       |                                 [01;35m[K~~~~~~~^[m[K
[2.666s] [01m[K/home/gentleshaz/ros2_ws/l5/src/control_selector/src/voyagercontrol.h:19:50:[m[K [01;35m[Kwarning: [m[Kunused parameter ‘[01m[Ktheta[m[K’ [[01;35m[K-Wunused-parameter[m[K]
[2.666s]    19 |     void setRobotPose(double x, double y, [01;35m[Kdouble theta[m[K) override {}
[2.666s]       |                                           [01;35m[K~~~~~~~^~~~~[m[K
[2.669s] In file included from [01m[K/home/gentleshaz/ros2_ws/l5/src/control_selector/src/wall_control.cpp:1[m[K:
[2.669s] [01m[K/home/gentleshaz/ros2_ws/l5/src/control_selector/src/wall_control.h:[m[K In member function ‘[01m[Kvirtual void WallControl::setRobotPose(double, double, double)[m[K’:
[2.669s] [01m[K/home/gentleshaz/ros2_ws/l5/src/control_selector/src/wall_control.h:32:30:[m[K [01;35m[Kwarning: [m[Kunused parameter ‘[01m[Kx[m[K’ [[01;35m[K-Wunused-parameter[m[K]
[2.669s]    32 |     void setRobotPose([01;35m[Kdouble x[m[K, double y, double theta) override {}
[2.669s]       |                       [01;35m[K~~~~~~~^[m[K
[2.670s] [01m[K/home/gentleshaz/ros2_ws/l5/src/control_selector/src/wall_control.h:32:40:[m[K [01;35m[Kwarning: [m[Kunused parameter ‘[01m[Ky[m[K’ [[01;35m[K-Wunused-parameter[m[K]
[2.670s]    32 |     void setRobotPose(double x, [01;35m[Kdouble y[m[K, double theta) override {}
[2.670s]       |                                 [01;35m[K~~~~~~~^[m[K
[2.670s] [01m[K/home/gentleshaz/ros2_ws/l5/src/control_selector/src/wall_control.h:32:50:[m[K [01;35m[Kwarning: [m[Kunused parameter ‘[01m[Ktheta[m[K’ [[01;35m[K-Wunused-parameter[m[K]
[2.671s]    32 |     void setRobotPose(double x, double y, [01;35m[Kdouble theta[m[K) override {}
[2.671s]       |                                           [01;35m[K~~~~~~~^~~~~[m[K
[2.671s] In file included from [01m[K/home/gentleshaz/ros2_ws/l5/src/control_selector/src/wall_control.cpp:1[m[K:
[2.671s] [01m[K/home/gentleshaz/ros2_ws/l5/src/control_selector/src/wall_control.h:[m[K In constructor ‘[01m[KWallControl::WallControl(double, double, double, double, double, double)[m[K’:
[2.671s] [01m[K/home/gentleshaz/ros2_ws/l5/src/control_selector/src/wall_control.h:13:12:[m[K [01;35m[Kwarning: [m[K‘[01m[KWallControl::task_vel[m[K’ will be initialized after [[01;35m[K-Wreorder[m[K]
[2.671s]    13 |     double [01;35m[Ktask_vel[m[K;
[2.671s]       |            [01;35m[K^~~~~~~~[m[K
[2.671s] [01m[K/home/gentleshaz/ros2_ws/l5/src/control_selector/src/wall_control.h:10:12:[m[K [01;35m[Kwarning: [m[K  ‘[01m[Kdouble WallControl::min_range_obstacle[m[K’ [[01;35m[K-Wreorder[m[K]
[2.671s]    10 |     double [01;35m[Kmin_range_obstacle[m[K;
[2.672s]       |            [01;35m[K^~~~~~~~~~~~~~~~~~[m[K
[2.672s] In file included from [01m[K/home/gentleshaz/ros2_ws/l5/src/control_selector/src/wall_control.cpp:1[m[K:
[2.672s] [01m[K/home/gentleshaz/ros2_ws/l5/src/control_selector/src/wall_control.h:39:5:[m[K [01;35m[Kwarning: [m[K  when initialized here [[01;35m[K-Wreorder[m[K]
[2.672s]    39 |     [01;35m[KWallControl[m[K(double range = 1.0, double task_vel = 1, double min_range_obstacle = 0.5, double prop_factor = 5.0, double int_factor = 0.001, double diff_factor = 14):
[2.672s]       |     [01;35m[K^~~~~~~~~~~[m[K
[3.778s] In file included from [01m[K/home/gentleshaz/ros2_ws/l5/src/control_selector/src/control_selector_node.cpp:9[m[K:
[3.778s] [01m[K/home/gentleshaz/ros2_ws/l5/src/control_selector/src/voyagercontrol.h:[m[K In member function ‘[01m[Kvirtual void VoyagerControl::setRobotPose(double, double, double)[m[K’:
[3.778s] [01m[K/home/gentleshaz/ros2_ws/l5/src/control_selector/src/voyagercontrol.h:19:30:[m[K [01;35m[Kwarning: [m[Kunused parameter ‘[01m[Kx[m[K’ [[01;35m[K-Wunused-parameter[m[K]
[3.778s]    19 |     void setRobotPose([01;35m[Kdouble x[m[K, double y, double theta) override {}
[3.778s]       |                       [01;35m[K~~~~~~~^[m[K
[3.779s] [01m[K/home/gentleshaz/ros2_ws/l5/src/control_selector/src/voyagercontrol.h:19:40:[m[K [01;35m[Kwarning: [m[Kunused parameter ‘[01m[Ky[m[K’ [[01;35m[K-Wunused-parameter[m[K]
[3.779s]    19 |     void setRobotPose(double x, [01;35m[Kdouble y[m[K, double theta) override {}
[3.779s]       |                                 [01;35m[K~~~~~~~^[m[K
[3.779s] [01m[K/home/gentleshaz/ros2_ws/l5/src/control_selector/src/voyagercontrol.h:19:50:[m[K [01;35m[Kwarning: [m[Kunused parameter ‘[01m[Ktheta[m[K’ [[01;35m[K-Wunused-parameter[m[K]
[3.779s]    19 |     void setRobotPose(double x, double y, [01;35m[Kdouble theta[m[K) override {}
[3.779s]       |                                           [01;35m[K~~~~~~~^~~~~[m[K
[3.779s] In file included from [01m[K/home/gentleshaz/ros2_ws/l5/src/control_selector/src/control_selector_node.cpp:10[m[K:
[3.779s] [01m[K/home/gentleshaz/ros2_ws/l5/src/control_selector/src/dummy_control.h:[m[K In member function ‘[01m[Kvirtual void DummyControl::setRobotPose(double, double, double)[m[K’:
[3.780s] [01m[K/home/gentleshaz/ros2_ws/l5/src/control_selector/src/dummy_control.h:11:30:[m[K [01;35m[Kwarning: [m[Kunused parameter ‘[01m[Kx[m[K’ [[01;35m[K-Wunused-parameter[m[K]
[3.780s]    11 |     void setRobotPose([01;35m[Kdouble x[m[K, double y, double theta) override {}
[3.780s]       |                       [01;35m[K~~~~~~~^[m[K
[3.780s] [01m[K/home/gentleshaz/ros2_ws/l5/src/control_selector/src/dummy_control.h:11:40:[m[K [01;35m[Kwarning: [m[Kunused parameter ‘[01m[Ky[m[K’ [[01;35m[K-Wunused-parameter[m[K]
[3.780s]    11 |     void setRobotPose(double x, [01;35m[Kdouble y[m[K, double theta) override {}
[3.780s]       |                                 [01;35m[K~~~~~~~^[m[K
[3.780s] [01m[K/home/gentleshaz/ros2_ws/l5/src/control_selector/src/dummy_control.h:11:50:[m[K [01;35m[Kwarning: [m[Kunused parameter ‘[01m[Ktheta[m[K’ [[01;35m[K-Wunused-parameter[m[K]
[3.780s]    11 |     void setRobotPose(double x, double y, [01;35m[Kdouble theta[m[K) override {}
[3.780s]       |                                           [01;35m[K~~~~~~~^~~~~[m[K
[3.780s] In file included from [01m[K/home/gentleshaz/ros2_ws/l5/src/control_selector/src/control_selector_node.cpp:11[m[K:
[3.780s] [01m[K/home/gentleshaz/ros2_ws/l5/src/control_selector/src/wall_control.h:[m[K In member function ‘[01m[Kvirtual void WallControl::setRobotPose(double, double, double)[m[K’:
[3.780s] [01m[K/home/gentleshaz/ros2_ws/l5/src/control_selector/src/wall_control.h:32:30:[m[K [01;35m[Kwarning: [m[Kunused parameter ‘[01m[Kx[m[K’ [[01;35m[K-Wunused-parameter[m[K]
[3.781s]    32 |     void setRobotPose([01;35m[Kdouble x[m[K, double y, double theta) override {}
[3.781s]       |                       [01;35m[K~~~~~~~^[m[K
[3.781s] [01m[K/home/gentleshaz/ros2_ws/l5/src/control_selector/src/wall_control.h:32:40:[m[K [01;35m[Kwarning: [m[Kunused parameter ‘[01m[Ky[m[K’ [[01;35m[K-Wunused-parameter[m[K]
[3.781s]    32 |     void setRobotPose(double x, [01;35m[Kdouble y[m[K, double theta) override {}
[3.781s]       |                                 [01;35m[K~~~~~~~^[m[K
[3.781s] [01m[K/home/gentleshaz/ros2_ws/l5/src/control_selector/src/wall_control.h:32:50:[m[K [01;35m[Kwarning: [m[Kunused parameter ‘[01m[Ktheta[m[K’ [[01;35m[K-Wunused-parameter[m[K]
[3.781s]    32 |     void setRobotPose(double x, double y, [01;35m[Kdouble theta[m[K) override {}
[3.781s]       |                                           [01;35m[K~~~~~~~^~~~~[m[K
[3.781s] In file included from [01m[K/home/gentleshaz/ros2_ws/l5/src/control_selector/src/control_selector_node.cpp:11[m[K:
[3.781s] [01m[K/home/gentleshaz/ros2_ws/l5/src/control_selector/src/wall_control.h:[m[K In constructor ‘[01m[KWallControl::WallControl(double, double, double, double, double, double)[m[K’:
[3.781s] [01m[K/home/gentleshaz/ros2_ws/l5/src/control_selector/src/wall_control.h:13:12:[m[K [01;35m[Kwarning: [m[K‘[01m[KWallControl::task_vel[m[K’ will be initialized after [[01;35m[K-Wreorder[m[K]
[3.781s]    13 |     double [01;35m[Ktask_vel[m[K;
[3.781s]       |            [01;35m[K^~~~~~~~[m[K
[3.781s] [01m[K/home/gentleshaz/ros2_ws/l5/src/control_selector/src/wall_control.h:10:12:[m[K [01;35m[Kwarning: [m[K  ‘[01m[Kdouble WallControl::min_range_obstacle[m[K’ [[01;35m[K-Wreorder[m[K]
[3.782s]    10 |     double [01;35m[Kmin_range_obstacle[m[K;
[3.782s]       |            [01;35m[K^~~~~~~~~~~~~~~~~~[m[K
[3.782s] In file included from [01m[K/home/gentleshaz/ros2_ws/l5/src/control_selector/src/control_selector_node.cpp:11[m[K:
[3.782s] [01m[K/home/gentleshaz/ros2_ws/l5/src/control_selector/src/wall_control.h:39:5:[m[K [01;35m[Kwarning: [m[K  when initialized here [[01;35m[K-Wreorder[m[K]
[3.782s]    39 |     [01;35m[KWallControl[m[K(double range = 1.0, double task_vel = 1, double min_range_obstacle = 0.5, double prop_factor = 5.0, double int_factor = 0.001, double diff_factor = 14):
[3.782s]       |     [01;35m[K^~~~~~~~~~~[m[K
[10.411s] [100%] [32m[1mLinking CXX executable control_selector_node[0m
[10.868s] [100%] Built target control_selector_node
[10.883s] Invoked command in '/home/gentleshaz/ros2_ws/l5/build/control_selector' returned '0': CMAKE_PREFIX_PATH=/opt/ros/foxy:${CMAKE_PREFIX_PATH} /usr/bin/cmake --build /home/gentleshaz/ros2_ws/l5/build/control_selector -- -j4 -l4
[10.886s] Invoking command in '/home/gentleshaz/ros2_ws/l5/build/control_selector': CMAKE_PREFIX_PATH=/opt/ros/foxy:${CMAKE_PREFIX_PATH} /usr/bin/cmake --install /home/gentleshaz/ros2_ws/l5/build/control_selector
[10.895s] -- Install configuration: ""
[10.895s] -- Installing: /home/gentleshaz/ros2_ws/l5/install/control_selector/lib/control_selector/control_selector_node
[10.900s] -- Set runtime path of "/home/gentleshaz/ros2_ws/l5/install/control_selector/lib/control_selector/control_selector_node" to ""
[10.900s] -- Installing: /home/gentleshaz/ros2_ws/l5/install/control_selector/share/control_selector/launch
[10.900s] -- Installing: /home/gentleshaz/ros2_ws/l5/install/control_selector/share/control_selector/launch/selector.launch.xml
[10.903s] -- Installing: /home/gentleshaz/ros2_ws/l5/install/control_selector/share/control_selector/launch/selector.launch.xml:Zone.Identifier
[10.903s] -- Installing: /home/gentleshaz/ros2_ws/l5/install/control_selector/share/ament_index/resource_index/package_run_dependencies/control_selector
[10.904s] -- Installing: /home/gentleshaz/ros2_ws/l5/install/control_selector/share/ament_index/resource_index/parent_prefix_path/control_selector
[10.904s] -- Installing: /home/gentleshaz/ros2_ws/l5/install/control_selector/share/control_selector/environment/ament_prefix_path.sh
[10.904s] -- Installing: /home/gentleshaz/ros2_ws/l5/install/control_selector/share/control_selector/environment/ament_prefix_path.dsv
[10.904s] -- Installing: /home/gentleshaz/ros2_ws/l5/install/control_selector/share/control_selector/environment/path.sh
[10.905s] -- Installing: /home/gentleshaz/ros2_ws/l5/install/control_selector/share/control_selector/environment/path.dsv
[10.905s] -- Installing: /home/gentleshaz/ros2_ws/l5/install/control_selector/share/control_selector/local_setup.bash
[10.905s] -- Installing: /home/gentleshaz/ros2_ws/l5/install/control_selector/share/control_selector/local_setup.sh
[10.905s] -- Installing: /home/gentleshaz/ros2_ws/l5/install/control_selector/share/control_selector/local_setup.zsh
[10.905s] -- Installing: /home/gentleshaz/ros2_ws/l5/install/control_selector/share/control_selector/local_setup.dsv
[10.906s] -- Installing: /home/gentleshaz/ros2_ws/l5/install/control_selector/share/control_selector/package.dsv
[10.906s] -- Installing: /home/gentleshaz/ros2_ws/l5/install/control_selector/share/ament_index/resource_index/packages/control_selector
[10.906s] -- Installing: /home/gentleshaz/ros2_ws/l5/install/control_selector/share/control_selector/cmake/control_selectorConfig.cmake
[10.906s] -- Installing: /home/gentleshaz/ros2_ws/l5/install/control_selector/share/control_selector/cmake/control_selectorConfig-version.cmake
[10.906s] -- Installing: /home/gentleshaz/ros2_ws/l5/install/control_selector/share/control_selector/package.xml
[10.910s] Invoked command in '/home/gentleshaz/ros2_ws/l5/build/control_selector' returned '0': CMAKE_PREFIX_PATH=/opt/ros/foxy:${CMAKE_PREFIX_PATH} /usr/bin/cmake --install /home/gentleshaz/ros2_ws/l5/build/control_selector
