[0.013s] Invoking command in '/home/gentleshaz/ros2_ws/l2/build/lab_2': CMAKE_PREFIX_PATH=/opt/ros/foxy:${CMAKE_PREFIX_PATH} /usr/bin/cmake /home/gentleshaz/ros2_ws/l2/src/lab_2 -DCMAKE_INSTALL_PREFIX=/home/gentleshaz/ros2_ws/l2/install/lab_2
[0.084s] -- The C compiler identification is GNU 9.4.0
[0.147s] -- The CXX compiler identification is GNU 9.4.0
[0.152s] -- Check for working C compiler: /usr/bin/cc
[0.233s] -- Check for working C compiler: /usr/bin/cc -- works
[0.234s] -- Detecting C compiler ABI info
[0.312s] -- Detecting C compiler ABI info - done
[0.324s] -- Detecting C compile features
[0.325s] -- Detecting C compile features - done
[0.327s] -- Check for working CXX compiler: /usr/bin/c++
[0.416s] -- Check for working CXX compiler: /usr/bin/c++ -- works
[0.417s] -- Detecting CXX compiler ABI info
[0.506s] -- Detecting CXX compiler ABI info - done
[0.519s] -- Detecting CXX compile features
[0.519s] -- Detecting CXX compile features - done
[0.521s] -- Found ament_cmake: 0.9.12 (/opt/ros/foxy/share/ament_cmake/cmake)
[0.549s] -- Found PythonInterp: /usr/bin/python3 (found suitable version "3.8.10", minimum required is "3") 
[0.550s] -- Using PYTHON_EXECUTABLE: /usr/bin/python3
[0.805s] -- Found rclcpp: 2.4.3 (/opt/ros/foxy/share/rclcpp/cmake)
[0.849s] -- Using all available rosidl_typesupport_c: rosidl_typesupport_fastrtps_c;rosidl_typesupport_introspection_c
[0.856s] -- Found rosidl_adapter: 1.3.1 (/opt/ros/foxy/share/rosidl_adapter/cmake)
[0.957s] -- Found OpenSSL: /usr/lib/x86_64-linux-gnu/libcrypto.so (found version "1.1.1f")  
[0.991s] -- Found FastRTPS: /opt/ros/foxy/include  
[1.076s] -- Using all available rosidl_typesupport_cpp: rosidl_typesupport_fastrtps_cpp;rosidl_typesupport_introspection_cpp
[1.135s] -- Found rmw_implementation_cmake: 1.0.4 (/opt/ros/foxy/share/rmw_implementation_cmake/cmake)
[1.136s] -- Using RMW implementation 'rmw_fastrtps_cpp' as default
[1.137s] -- Looking for pthread.h
[1.225s] -- Looking for pthread.h - found
[1.226s] -- Performing Test CMAKE_HAVE_LIBC_PTHREAD
[1.310s] -- Performing Test CMAKE_HAVE_LIBC_PTHREAD - Failed
[1.311s] -- Looking for pthread_create in pthreads
[1.385s] -- Looking for pthread_create in pthreads - not found
[1.385s] -- Looking for pthread_create in pthread
[1.481s] -- Looking for pthread_create in pthread - found
[1.482s] -- Found Threads: TRUE  
[1.662s] -- Found geometry_msgs: 2.0.5 (/opt/ros/foxy/share/geometry_msgs/cmake)
[1.701s] -- Found sensor_msgs: 2.0.5 (/opt/ros/foxy/share/sensor_msgs/cmake)
[1.783s] -- Found nav_msgs: 2.0.5 (/opt/ros/foxy/share/nav_msgs/cmake)
[1.866s] -- Found ament_lint_auto: 0.9.8 (/opt/ros/foxy/share/ament_lint_auto/cmake)
[1.944s] -- Added test 'copyright' to check source files copyright and LICENSE
[1.945s] -- Added test 'cppcheck' to perform static code analysis on C / C++ code
[1.945s] -- Configured cppcheck include dirs: 
[1.945s] -- Configured cppcheck exclude dirs and/or files: 
[1.946s] -- Added test 'cpplint' to check C / C++ code against the Google style
[1.946s] -- Configured cpplint exclude dirs and/or files: 
[1.946s] -- Added test 'lint_cmake' to check CMake code style
[1.947s] -- Added test 'uncrustify' to check C / C++ code style
[1.947s] -- Configured uncrustify additional arguments: 
[1.948s] -- Added test 'xmllint' to check XML markup files
[1.952s] -- Configuring done
[1.965s] -- Generating done
[1.971s] -- Build files have been written to: /home/gentleshaz/ros2_ws/l2/build/lab_2
[1.982s] Invoked command in '/home/gentleshaz/ros2_ws/l2/build/lab_2' returned '0': CMAKE_PREFIX_PATH=/opt/ros/foxy:${CMAKE_PREFIX_PATH} /usr/bin/cmake /home/gentleshaz/ros2_ws/l2/src/lab_2 -DCMAKE_INSTALL_PREFIX=/home/gentleshaz/ros2_ws/l2/install/lab_2
[1.986s] Invoking command in '/home/gentleshaz/ros2_ws/l2/build/lab_2': CMAKE_PREFIX_PATH=/opt/ros/foxy:${CMAKE_PREFIX_PATH} /usr/bin/cmake --build /home/gentleshaz/ros2_ws/l2/build/lab_2 -- -j4 -l4
[2.030s] [35m[1mScanning dependencies of target robot_control[0m
[2.081s] [ 50%] [32mBuilding CXX object CMakeFiles/robot_control.dir/src/robot_control_2.cpp.o[0m
[9.143s] [100%] [32m[1mLinking CXX executable robot_control[0m
[9.704s] [100%] Built target robot_control
[9.726s] Invoked command in '/home/gentleshaz/ros2_ws/l2/build/lab_2' returned '0': CMAKE_PREFIX_PATH=/opt/ros/foxy:${CMAKE_PREFIX_PATH} /usr/bin/cmake --build /home/gentleshaz/ros2_ws/l2/build/lab_2 -- -j4 -l4
[9.751s] Invoking command in '/home/gentleshaz/ros2_ws/l2/build/lab_2': CMAKE_PREFIX_PATH=/opt/ros/foxy:${CMAKE_PREFIX_PATH} /usr/bin/cmake --install /home/gentleshaz/ros2_ws/l2/build/lab_2
[9.764s] -- Install configuration: ""
[9.765s] -- Installing: /home/gentleshaz/ros2_ws/l2/install/lab_2/lib/lab_2/robot_control
[9.770s] -- Set runtime path of "/home/gentleshaz/ros2_ws/l2/install/lab_2/lib/lab_2/robot_control" to ""
[9.770s] -- Installing: /home/gentleshaz/ros2_ws/l2/install/lab_2/share/ament_index/resource_index/package_run_dependencies/lab_2
[9.771s] -- Installing: /home/gentleshaz/ros2_ws/l2/install/lab_2/share/ament_index/resource_index/parent_prefix_path/lab_2
[9.771s] -- Installing: /home/gentleshaz/ros2_ws/l2/install/lab_2/share/lab_2/environment/ament_prefix_path.sh
[9.771s] -- Installing: /home/gentleshaz/ros2_ws/l2/install/lab_2/share/lab_2/environment/ament_prefix_path.dsv
[9.771s] -- Installing: /home/gentleshaz/ros2_ws/l2/install/lab_2/share/lab_2/environment/path.sh
[9.771s] -- Installing: /home/gentleshaz/ros2_ws/l2/install/lab_2/share/lab_2/environment/path.dsv
[9.772s] -- Installing: /home/gentleshaz/ros2_ws/l2/install/lab_2/share/lab_2/local_setup.bash
[9.772s] -- Installing: /home/gentleshaz/ros2_ws/l2/install/lab_2/share/lab_2/local_setup.sh
[9.772s] -- Installing: /home/gentleshaz/ros2_ws/l2/install/lab_2/share/lab_2/local_setup.zsh
[9.772s] -- Installing: /home/gentleshaz/ros2_ws/l2/install/lab_2/share/lab_2/local_setup.dsv
[9.772s] -- Installing: /home/gentleshaz/ros2_ws/l2/install/lab_2/share/lab_2/package.dsv
[9.772s] -- Installing: /home/gentleshaz/ros2_ws/l2/install/lab_2/share/ament_index/resource_index/packages/lab_2
[9.773s] -- Installing: /home/gentleshaz/ros2_ws/l2/install/lab_2/share/lab_2/cmake/lab_2Config.cmake
[9.773s] -- Installing: /home/gentleshaz/ros2_ws/l2/install/lab_2/share/lab_2/cmake/lab_2Config-version.cmake
[9.773s] -- Installing: /home/gentleshaz/ros2_ws/l2/install/lab_2/share/lab_2/package.xml
[9.779s] Invoked command in '/home/gentleshaz/ros2_ws/l2/build/lab_2' returned '0': CMAKE_PREFIX_PATH=/opt/ros/foxy:${CMAKE_PREFIX_PATH} /usr/bin/cmake --install /home/gentleshaz/ros2_ws/l2/build/lab_2
