[0.278s] DEBUG:colcon:Command line arguments: ['/usr/bin/colcon', 'build']
[0.278s] DEBUG:colcon:Parsed command line arguments: Namespace(allow_overriding=[], ament_cmake_args=None, base_paths=['.'], build_base='build', catkin_cmake_args=None, catkin_skip_building_tests=False, cmake_args=None, cmake_clean_cache=False, cmake_clean_first=False, cmake_force_configure=False, cmake_target=None, cmake_target_skip_unavailable=False, continue_on_error=False, event_handlers=None, executor='parallel', ignore_user_meta=False, install_base='install', log_base=None, log_level=None, main=<bound method BuildVerb.main of <colcon_core.verb.build.BuildVerb object at 0x7fc04d47ca60>>, merge_install=False, metas=['./colcon.meta'], packages_above=None, packages_above_and_dependencies=None, packages_above_depth=None, packages_end=None, packages_ignore=None, packages_ignore_regex=None, packages_select=None, packages_select_build_failed=False, packages_select_by_dep=None, packages_select_regex=None, packages_select_test_failures=False, packages_skip=None, packages_skip_build_finished=False, packages_skip_by_dep=None, packages_skip_regex=None, packages_skip_test_passed=False, packages_skip_up_to=None, packages_start=None, packages_up_to=None, packages_up_to_regex=None, parallel_workers=4, paths=None, symlink_install=False, test_result_base=None, verb_extension=<colcon_core.verb.build.BuildVerb object at 0x7fc04d47ca60>, verb_name='build', verb_parser=<colcon_defaults.argument_parser.defaults.DefaultArgumentsDecorator object at 0x7fc04d3c7be0>)
[0.490s] Level 1:colcon.colcon_core.package_discovery:discover_packages(colcon_meta) check parameters
[0.490s] Level 1:colcon.colcon_core.package_discovery:discover_packages(recursive) check parameters
[0.490s] Level 1:colcon.colcon_core.package_discovery:discover_packages(ignore) check parameters
[0.490s] Level 1:colcon.colcon_core.package_discovery:discover_packages(path) check parameters
[0.490s] Level 1:colcon.colcon_core.package_discovery:discover_packages(colcon_meta) discover
[0.490s] Level 1:colcon.colcon_core.package_discovery:discover_packages(recursive) discover
[0.490s] INFO:colcon.colcon_core.package_discovery:Crawling recursively for packages in '/home/gentleshaz/ros2_ws/l5'
[0.490s] Level 1:colcon.colcon_core.package_identification:_identify(.) by extensions ['ignore', 'ignore_ament_install']
[0.490s] Level 1:colcon.colcon_core.package_identification:_identify(.) by extension 'ignore'
[0.490s] Level 1:colcon.colcon_core.package_identification:_identify(.) by extension 'ignore_ament_install'
[0.490s] Level 1:colcon.colcon_core.package_identification:_identify(.) by extensions ['colcon_pkg']
[0.490s] Level 1:colcon.colcon_core.package_identification:_identify(.) by extension 'colcon_pkg'
[0.491s] Level 1:colcon.colcon_core.package_identification:_identify(.) by extensions ['colcon_meta']
[0.491s] Level 1:colcon.colcon_core.package_identification:_identify(.) by extension 'colcon_meta'
[0.491s] Level 1:colcon.colcon_core.package_identification:_identify(.) by extensions ['ros']
[0.491s] Level 1:colcon.colcon_core.package_identification:_identify(.) by extension 'ros'
[0.503s] Level 1:colcon.colcon_core.package_identification:_identify(.) by extensions ['cmake', 'python']
[0.503s] Level 1:colcon.colcon_core.package_identification:_identify(.) by extension 'cmake'
[0.503s] Level 1:colcon.colcon_core.package_identification:_identify(.) by extension 'python'
[0.503s] Level 1:colcon.colcon_core.package_identification:_identify(.) by extensions ['python_setup_py']
[0.503s] Level 1:colcon.colcon_core.package_identification:_identify(.) by extension 'python_setup_py'
[0.504s] Level 1:colcon.colcon_core.package_identification:_identify(build) by extensions ['ignore', 'ignore_ament_install']
[0.504s] Level 1:colcon.colcon_core.package_identification:_identify(build) by extension 'ignore'
[0.504s] Level 1:colcon.colcon_core.package_identification:_identify(build) ignored
[0.504s] Level 1:colcon.colcon_core.package_identification:_identify(install) by extensions ['ignore', 'ignore_ament_install']
[0.504s] Level 1:colcon.colcon_core.package_identification:_identify(install) by extension 'ignore'
[0.504s] Level 1:colcon.colcon_core.package_identification:_identify(install) ignored
[0.504s] Level 1:colcon.colcon_core.package_identification:_identify(log) by extensions ['ignore', 'ignore_ament_install']
[0.504s] Level 1:colcon.colcon_core.package_identification:_identify(log) by extension 'ignore'
[0.504s] Level 1:colcon.colcon_core.package_identification:_identify(log) ignored
[0.504s] Level 1:colcon.colcon_core.package_identification:_identify(src) by extensions ['ignore', 'ignore_ament_install']
[0.504s] Level 1:colcon.colcon_core.package_identification:_identify(src) by extension 'ignore'
[0.504s] Level 1:colcon.colcon_core.package_identification:_identify(src) by extension 'ignore_ament_install'
[0.504s] Level 1:colcon.colcon_core.package_identification:_identify(src) by extensions ['colcon_pkg']
[0.504s] Level 1:colcon.colcon_core.package_identification:_identify(src) by extension 'colcon_pkg'
[0.504s] Level 1:colcon.colcon_core.package_identification:_identify(src) by extensions ['colcon_meta']
[0.505s] Level 1:colcon.colcon_core.package_identification:_identify(src) by extension 'colcon_meta'
[0.505s] Level 1:colcon.colcon_core.package_identification:_identify(src) by extensions ['ros']
[0.505s] Level 1:colcon.colcon_core.package_identification:_identify(src) by extension 'ros'
[0.505s] Level 1:colcon.colcon_core.package_identification:_identify(src) by extensions ['cmake', 'python']
[0.505s] Level 1:colcon.colcon_core.package_identification:_identify(src) by extension 'cmake'
[0.505s] Level 1:colcon.colcon_core.package_identification:_identify(src) by extension 'python'
[0.505s] Level 1:colcon.colcon_core.package_identification:_identify(src) by extensions ['python_setup_py']
[0.505s] Level 1:colcon.colcon_core.package_identification:_identify(src) by extension 'python_setup_py'
[0.505s] Level 1:colcon.colcon_core.package_identification:_identify(src/control_selector) by extensions ['ignore', 'ignore_ament_install']
[0.505s] Level 1:colcon.colcon_core.package_identification:_identify(src/control_selector) by extension 'ignore'
[0.505s] Level 1:colcon.colcon_core.package_identification:_identify(src/control_selector) by extension 'ignore_ament_install'
[0.505s] Level 1:colcon.colcon_core.package_identification:_identify(src/control_selector) by extensions ['colcon_pkg']
[0.505s] Level 1:colcon.colcon_core.package_identification:_identify(src/control_selector) by extension 'colcon_pkg'
[0.505s] Level 1:colcon.colcon_core.package_identification:_identify(src/control_selector) by extensions ['colcon_meta']
[0.505s] Level 1:colcon.colcon_core.package_identification:_identify(src/control_selector) by extension 'colcon_meta'
[0.505s] Level 1:colcon.colcon_core.package_identification:_identify(src/control_selector) by extensions ['ros']
[0.505s] Level 1:colcon.colcon_core.package_identification:_identify(src/control_selector) by extension 'ros'
[0.509s] DEBUG:colcon.colcon_core.package_identification:Package 'src/control_selector' with type 'ros.ament_cmake' and name 'control_selector'
[0.510s] Level 1:colcon.colcon_core.package_identification:_identify(src/simple_map) by extensions ['ignore', 'ignore_ament_install']
[0.510s] Level 1:colcon.colcon_core.package_identification:_identify(src/simple_map) by extension 'ignore'
[0.510s] Level 1:colcon.colcon_core.package_identification:_identify(src/simple_map) by extension 'ignore_ament_install'
[0.510s] Level 1:colcon.colcon_core.package_identification:_identify(src/simple_map) by extensions ['colcon_pkg']
[0.510s] Level 1:colcon.colcon_core.package_identification:_identify(src/simple_map) by extension 'colcon_pkg'
[0.510s] Level 1:colcon.colcon_core.package_identification:_identify(src/simple_map) by extensions ['colcon_meta']
[0.510s] Level 1:colcon.colcon_core.package_identification:_identify(src/simple_map) by extension 'colcon_meta'
[0.510s] Level 1:colcon.colcon_core.package_identification:_identify(src/simple_map) by extensions ['ros']
[0.510s] Level 1:colcon.colcon_core.package_identification:_identify(src/simple_map) by extension 'ros'
[0.511s] DEBUG:colcon.colcon_core.package_identification:Package 'src/simple_map' with type 'ros.ament_cmake' and name 'simple_map'
[0.511s] Level 1:colcon.colcon_core.package_identification:_identify(src/worlds) by extensions ['ignore', 'ignore_ament_install']
[0.512s] Level 1:colcon.colcon_core.package_identification:_identify(src/worlds) by extension 'ignore'
[0.512s] Level 1:colcon.colcon_core.package_identification:_identify(src/worlds) by extension 'ignore_ament_install'
[0.512s] Level 1:colcon.colcon_core.package_identification:_identify(src/worlds) by extensions ['colcon_pkg']
[0.512s] Level 1:colcon.colcon_core.package_identification:_identify(src/worlds) by extension 'colcon_pkg'
[0.512s] Level 1:colcon.colcon_core.package_identification:_identify(src/worlds) by extensions ['colcon_meta']
[0.512s] Level 1:colcon.colcon_core.package_identification:_identify(src/worlds) by extension 'colcon_meta'
[0.512s] Level 1:colcon.colcon_core.package_identification:_identify(src/worlds) by extensions ['ros']
[0.512s] Level 1:colcon.colcon_core.package_identification:_identify(src/worlds) by extension 'ros'
[0.512s] Level 1:colcon.colcon_core.package_identification:_identify(src/worlds) by extensions ['cmake', 'python']
[0.512s] Level 1:colcon.colcon_core.package_identification:_identify(src/worlds) by extension 'cmake'
[0.512s] Level 1:colcon.colcon_core.package_identification:_identify(src/worlds) by extension 'python'
[0.512s] Level 1:colcon.colcon_core.package_identification:_identify(src/worlds) by extensions ['python_setup_py']
[0.512s] Level 1:colcon.colcon_core.package_identification:_identify(src/worlds) by extension 'python_setup_py'
[0.512s] Level 1:colcon.colcon_core.package_identification:_identify(src/worlds/bitmaps) by extensions ['ignore', 'ignore_ament_install']
[0.512s] Level 1:colcon.colcon_core.package_identification:_identify(src/worlds/bitmaps) by extension 'ignore'
[0.512s] Level 1:colcon.colcon_core.package_identification:_identify(src/worlds/bitmaps) by extension 'ignore_ament_install'
[0.512s] Level 1:colcon.colcon_core.package_identification:_identify(src/worlds/bitmaps) by extensions ['colcon_pkg']
[0.512s] Level 1:colcon.colcon_core.package_identification:_identify(src/worlds/bitmaps) by extension 'colcon_pkg'
[0.513s] Level 1:colcon.colcon_core.package_identification:_identify(src/worlds/bitmaps) by extensions ['colcon_meta']
[0.513s] Level 1:colcon.colcon_core.package_identification:_identify(src/worlds/bitmaps) by extension 'colcon_meta'
[0.513s] Level 1:colcon.colcon_core.package_identification:_identify(src/worlds/bitmaps) by extensions ['ros']
[0.513s] Level 1:colcon.colcon_core.package_identification:_identify(src/worlds/bitmaps) by extension 'ros'
[0.513s] Level 1:colcon.colcon_core.package_identification:_identify(src/worlds/bitmaps) by extensions ['cmake', 'python']
[0.513s] Level 1:colcon.colcon_core.package_identification:_identify(src/worlds/bitmaps) by extension 'cmake'
[0.513s] Level 1:colcon.colcon_core.package_identification:_identify(src/worlds/bitmaps) by extension 'python'
[0.513s] Level 1:colcon.colcon_core.package_identification:_identify(src/worlds/bitmaps) by extensions ['python_setup_py']
[0.513s] Level 1:colcon.colcon_core.package_identification:_identify(src/worlds/bitmaps) by extension 'python_setup_py'
[0.513s] Level 1:colcon.colcon_core.package_discovery:discover_packages(recursive) using defaults
[0.513s] Level 1:colcon.colcon_core.package_discovery:discover_packages(ignore) discover
[0.513s] Level 1:colcon.colcon_core.package_discovery:discover_packages(ignore) using defaults
[0.513s] Level 1:colcon.colcon_core.package_discovery:discover_packages(path) discover
[0.513s] Level 1:colcon.colcon_core.package_discovery:discover_packages(path) using defaults
[0.536s] Level 1:colcon.colcon_core.package_discovery:discover_packages(prefix_path) check parameters
[0.536s] Level 1:colcon.colcon_core.package_discovery:discover_packages(prefix_path) discover
[0.540s] DEBUG:colcon.colcon_installed_package_information.package_discovery:Found 182 installed packages in /opt/ros/foxy
[0.543s] Level 1:colcon.colcon_core.package_discovery:discover_packages(prefix_path) using defaults
[0.619s] Level 5:colcon.colcon_core.verb:set package 'control_selector' build argument 'cmake_args' from command line to 'None'
[0.620s] Level 5:colcon.colcon_core.verb:set package 'control_selector' build argument 'cmake_target' from command line to 'None'
[0.620s] Level 5:colcon.colcon_core.verb:set package 'control_selector' build argument 'cmake_target_skip_unavailable' from command line to 'False'
[0.620s] Level 5:colcon.colcon_core.verb:set package 'control_selector' build argument 'cmake_clean_cache' from command line to 'False'
[0.620s] Level 5:colcon.colcon_core.verb:set package 'control_selector' build argument 'cmake_clean_first' from command line to 'False'
[0.620s] Level 5:colcon.colcon_core.verb:set package 'control_selector' build argument 'cmake_force_configure' from command line to 'False'
[0.620s] Level 5:colcon.colcon_core.verb:set package 'control_selector' build argument 'ament_cmake_args' from command line to 'None'
[0.620s] Level 5:colcon.colcon_core.verb:set package 'control_selector' build argument 'catkin_cmake_args' from command line to 'None'
[0.620s] Level 5:colcon.colcon_core.verb:set package 'control_selector' build argument 'catkin_skip_building_tests' from command line to 'False'
[0.620s] DEBUG:colcon.colcon_core.verb:Building package 'control_selector' with the following arguments: {'ament_cmake_args': None, 'build_base': '/home/gentleshaz/ros2_ws/l5/build/control_selector', 'catkin_cmake_args': None, 'catkin_skip_building_tests': False, 'cmake_args': None, 'cmake_clean_cache': False, 'cmake_clean_first': False, 'cmake_force_configure': False, 'cmake_target': None, 'cmake_target_skip_unavailable': False, 'install_base': '/home/gentleshaz/ros2_ws/l5/install/control_selector', 'merge_install': False, 'path': '/home/gentleshaz/ros2_ws/l5/src/control_selector', 'symlink_install': False, 'test_result_base': None}
[0.620s] Level 5:colcon.colcon_core.verb:set package 'simple_map' build argument 'cmake_args' from command line to 'None'
[0.620s] Level 5:colcon.colcon_core.verb:set package 'simple_map' build argument 'cmake_target' from command line to 'None'
[0.620s] Level 5:colcon.colcon_core.verb:set package 'simple_map' build argument 'cmake_target_skip_unavailable' from command line to 'False'
[0.620s] Level 5:colcon.colcon_core.verb:set package 'simple_map' build argument 'cmake_clean_cache' from command line to 'False'
[0.620s] Level 5:colcon.colcon_core.verb:set package 'simple_map' build argument 'cmake_clean_first' from command line to 'False'
[0.620s] Level 5:colcon.colcon_core.verb:set package 'simple_map' build argument 'cmake_force_configure' from command line to 'False'
[0.620s] Level 5:colcon.colcon_core.verb:set package 'simple_map' build argument 'ament_cmake_args' from command line to 'None'
[0.620s] Level 5:colcon.colcon_core.verb:set package 'simple_map' build argument 'catkin_cmake_args' from command line to 'None'
[0.621s] Level 5:colcon.colcon_core.verb:set package 'simple_map' build argument 'catkin_skip_building_tests' from command line to 'False'
[0.621s] DEBUG:colcon.colcon_core.verb:Building package 'simple_map' with the following arguments: {'ament_cmake_args': None, 'build_base': '/home/gentleshaz/ros2_ws/l5/build/simple_map', 'catkin_cmake_args': None, 'catkin_skip_building_tests': False, 'cmake_args': None, 'cmake_clean_cache': False, 'cmake_clean_first': False, 'cmake_force_configure': False, 'cmake_target': None, 'cmake_target_skip_unavailable': False, 'install_base': '/home/gentleshaz/ros2_ws/l5/install/simple_map', 'merge_install': False, 'path': '/home/gentleshaz/ros2_ws/l5/src/simple_map', 'symlink_install': False, 'test_result_base': None}
[0.621s] INFO:colcon.colcon_core.executor:Executing jobs using 'parallel' executor
[0.622s] DEBUG:colcon.colcon_parallel_executor.executor.parallel:run_until_complete
[0.622s] INFO:colcon.colcon_ros.task.ament_cmake.build:Building ROS package in '/home/gentleshaz/ros2_ws/l5/src/control_selector' with build type 'ament_cmake'
[0.622s] INFO:colcon.colcon_cmake.task.cmake.build:Building CMake package in '/home/gentleshaz/ros2_ws/l5/src/control_selector'
[0.628s] INFO:colcon.colcon_core.plugin_system:Skipping extension 'colcon_core.shell.bat': Not used on non-Windows systems
[0.628s] INFO:colcon.colcon_core.shell:Skip shell extension 'powershell' for command environment: Not usable outside of PowerShell
[0.628s] DEBUG:colcon.colcon_core.shell:Skip shell extension 'dsv' for command environment
[0.630s] DEBUG:colcon.colcon_core.shell:Ignoring prefix path '/opt/ros/noetic'
[0.634s] INFO:colcon.colcon_ros.task.ament_cmake.build:Building ROS package in '/home/gentleshaz/ros2_ws/l5/src/simple_map' with build type 'ament_cmake'
[0.635s] INFO:colcon.colcon_cmake.task.cmake.build:Building CMake package in '/home/gentleshaz/ros2_ws/l5/src/simple_map'
[0.635s] INFO:colcon.colcon_core.shell:Skip shell extension 'powershell' for command environment: Not usable outside of PowerShell
[0.635s] DEBUG:colcon.colcon_core.shell:Skip shell extension 'dsv' for command environment
[0.638s] DEBUG:colcon.colcon_core.shell:Ignoring prefix path '/opt/ros/noetic'
[0.647s] DEBUG:colcon.colcon_core.event_handler.log_command:Invoking command in '/home/gentleshaz/ros2_ws/l5/build/control_selector': CMAKE_PREFIX_PATH=/opt/ros/foxy:${CMAKE_PREFIX_PATH} /usr/bin/cmake /home/gentleshaz/ros2_ws/l5/src/control_selector -DCMAKE_INSTALL_PREFIX=/home/gentleshaz/ros2_ws/l5/install/control_selector
[0.653s] DEBUG:colcon.colcon_core.event_handler.log_command:Invoking command in '/home/gentleshaz/ros2_ws/l5/build/simple_map': CMAKE_PREFIX_PATH=/opt/ros/foxy:${CMAKE_PREFIX_PATH} /usr/bin/cmake /home/gentleshaz/ros2_ws/l5/src/simple_map -DCMAKE_INSTALL_PREFIX=/home/gentleshaz/ros2_ws/l5/install/simple_map
[2.851s] DEBUG:colcon.colcon_core.event_handler.log_command:Invoked command in '/home/gentleshaz/ros2_ws/l5/build/control_selector' returned '0': CMAKE_PREFIX_PATH=/opt/ros/foxy:${CMAKE_PREFIX_PATH} /usr/bin/cmake /home/gentleshaz/ros2_ws/l5/src/control_selector -DCMAKE_INSTALL_PREFIX=/home/gentleshaz/ros2_ws/l5/install/control_selector
[2.855s] DEBUG:colcon.colcon_core.event_handler.log_command:Invoking command in '/home/gentleshaz/ros2_ws/l5/build/control_selector': CMAKE_PREFIX_PATH=/opt/ros/foxy:${CMAKE_PREFIX_PATH} /usr/bin/cmake --build /home/gentleshaz/ros2_ws/l5/build/control_selector -- -j4 -l4
[3.461s] DEBUG:colcon.colcon_core.event_handler.log_command:Invoked command in '/home/gentleshaz/ros2_ws/l5/build/simple_map' returned '0': CMAKE_PREFIX_PATH=/opt/ros/foxy:${CMAKE_PREFIX_PATH} /usr/bin/cmake /home/gentleshaz/ros2_ws/l5/src/simple_map -DCMAKE_INSTALL_PREFIX=/home/gentleshaz/ros2_ws/l5/install/simple_map
[3.465s] DEBUG:colcon.colcon_core.event_handler.log_command:Invoking command in '/home/gentleshaz/ros2_ws/l5/build/simple_map': CMAKE_PREFIX_PATH=/opt/ros/foxy:${CMAKE_PREFIX_PATH} /usr/bin/cmake --build /home/gentleshaz/ros2_ws/l5/build/simple_map -- -j4 -l4
[11.355s] DEBUG:colcon.colcon_core.event_handler.log_command:Invoked command in '/home/gentleshaz/ros2_ws/l5/build/simple_map' returned '0': CMAKE_PREFIX_PATH=/opt/ros/foxy:${CMAKE_PREFIX_PATH} /usr/bin/cmake --build /home/gentleshaz/ros2_ws/l5/build/simple_map -- -j4 -l4
[11.371s] DEBUG:colcon.colcon_core.event_handler.log_command:Invoking command in '/home/gentleshaz/ros2_ws/l5/build/simple_map': CMAKE_PREFIX_PATH=/opt/ros/foxy:${CMAKE_PREFIX_PATH} /usr/bin/cmake --install /home/gentleshaz/ros2_ws/l5/build/simple_map
[11.392s] Level 1:colcon.colcon_core.environment:create_environment_scripts_only(simple_map)
[11.392s] DEBUG:colcon.colcon_core.event_handler.log_command:Invoked command in '/home/gentleshaz/ros2_ws/l5/build/simple_map' returned '0': CMAKE_PREFIX_PATH=/opt/ros/foxy:${CMAKE_PREFIX_PATH} /usr/bin/cmake --install /home/gentleshaz/ros2_ws/l5/build/simple_map
[11.399s] Level 1:colcon.colcon_core.environment:checking '/home/gentleshaz/ros2_ws/l5/install/simple_map' for CMake module files
[11.399s] Level 1:colcon.colcon_core.environment:checking '/home/gentleshaz/ros2_ws/l5/install/simple_map' for CMake config files
[11.400s] Level 1:colcon.colcon_core.shell:create_environment_hook('simple_map', 'cmake_prefix_path')
[11.400s] INFO:colcon.colcon_core.shell:Creating environment hook '/home/gentleshaz/ros2_ws/l5/install/simple_map/share/simple_map/hook/cmake_prefix_path.ps1'
[11.401s] INFO:colcon.colcon_core.shell:Creating environment descriptor '/home/gentleshaz/ros2_ws/l5/install/simple_map/share/simple_map/hook/cmake_prefix_path.dsv'
[11.402s] INFO:colcon.colcon_core.shell:Creating environment hook '/home/gentleshaz/ros2_ws/l5/install/simple_map/share/simple_map/hook/cmake_prefix_path.sh'
[11.404s] Level 1:colcon.colcon_core.environment:checking '/home/gentleshaz/ros2_ws/l5/install/simple_map/lib'
[11.404s] Level 1:colcon.colcon_core.environment:checking '/home/gentleshaz/ros2_ws/l5/install/simple_map/bin'
[11.404s] Level 1:colcon.colcon_core.environment:checking '/home/gentleshaz/ros2_ws/l5/install/simple_map/lib/pkgconfig/simple_map.pc'
[11.404s] Level 1:colcon.colcon_core.environment:checking '/home/gentleshaz/ros2_ws/l5/install/simple_map/lib/python3.8/site-packages'
[11.404s] Level 1:colcon.colcon_core.environment:checking '/home/gentleshaz/ros2_ws/l5/install/simple_map/bin'
[11.405s] INFO:colcon.colcon_core.shell:Creating package script '/home/gentleshaz/ros2_ws/l5/install/simple_map/share/simple_map/package.ps1'
[11.406s] INFO:colcon.colcon_core.shell:Creating package descriptor '/home/gentleshaz/ros2_ws/l5/install/simple_map/share/simple_map/package.dsv'
[11.407s] INFO:colcon.colcon_core.shell:Creating package script '/home/gentleshaz/ros2_ws/l5/install/simple_map/share/simple_map/package.sh'
[11.408s] INFO:colcon.colcon_core.shell:Creating package script '/home/gentleshaz/ros2_ws/l5/install/simple_map/share/simple_map/package.bash'
[11.409s] INFO:colcon.colcon_core.shell:Creating package script '/home/gentleshaz/ros2_ws/l5/install/simple_map/share/simple_map/package.zsh'
[11.410s] Level 1:colcon.colcon_core.environment:create_file_with_runtime_dependencies(/home/gentleshaz/ros2_ws/l5/install/simple_map/share/colcon-core/packages/simple_map)
[11.411s] Level 1:colcon.colcon_core.environment:create_environment_scripts_only(simple_map)
[11.412s] Level 1:colcon.colcon_core.environment:checking '/home/gentleshaz/ros2_ws/l5/install/simple_map' for CMake module files
[11.412s] Level 1:colcon.colcon_core.environment:checking '/home/gentleshaz/ros2_ws/l5/install/simple_map' for CMake config files
[11.412s] Level 1:colcon.colcon_core.shell:create_environment_hook('simple_map', 'cmake_prefix_path')
[11.413s] INFO:colcon.colcon_core.shell:Creating environment hook '/home/gentleshaz/ros2_ws/l5/install/simple_map/share/simple_map/hook/cmake_prefix_path.ps1'
[11.413s] INFO:colcon.colcon_core.shell:Creating environment descriptor '/home/gentleshaz/ros2_ws/l5/install/simple_map/share/simple_map/hook/cmake_prefix_path.dsv'
[11.413s] INFO:colcon.colcon_core.shell:Creating environment hook '/home/gentleshaz/ros2_ws/l5/install/simple_map/share/simple_map/hook/cmake_prefix_path.sh'
[11.414s] Level 1:colcon.colcon_core.environment:checking '/home/gentleshaz/ros2_ws/l5/install/simple_map/lib'
[11.414s] Level 1:colcon.colcon_core.environment:checking '/home/gentleshaz/ros2_ws/l5/install/simple_map/bin'
[11.414s] Level 1:colcon.colcon_core.environment:checking '/home/gentleshaz/ros2_ws/l5/install/simple_map/lib/pkgconfig/simple_map.pc'
[11.414s] Level 1:colcon.colcon_core.environment:checking '/home/gentleshaz/ros2_ws/l5/install/simple_map/lib/python3.8/site-packages'
[11.415s] Level 1:colcon.colcon_core.environment:checking '/home/gentleshaz/ros2_ws/l5/install/simple_map/bin'
[11.415s] INFO:colcon.colcon_core.shell:Creating package script '/home/gentleshaz/ros2_ws/l5/install/simple_map/share/simple_map/package.ps1'
[11.415s] INFO:colcon.colcon_core.shell:Creating package descriptor '/home/gentleshaz/ros2_ws/l5/install/simple_map/share/simple_map/package.dsv'
[11.416s] INFO:colcon.colcon_core.shell:Creating package script '/home/gentleshaz/ros2_ws/l5/install/simple_map/share/simple_map/package.sh'
[11.416s] INFO:colcon.colcon_core.shell:Creating package script '/home/gentleshaz/ros2_ws/l5/install/simple_map/share/simple_map/package.bash'
[11.417s] INFO:colcon.colcon_core.shell:Creating package script '/home/gentleshaz/ros2_ws/l5/install/simple_map/share/simple_map/package.zsh'
[11.417s] Level 1:colcon.colcon_core.environment:create_file_with_runtime_dependencies(/home/gentleshaz/ros2_ws/l5/install/simple_map/share/colcon-core/packages/simple_map)
[11.506s] DEBUG:colcon.colcon_core.event_handler.log_command:Invoked command in '/home/gentleshaz/ros2_ws/l5/build/control_selector' returned '0': CMAKE_PREFIX_PATH=/opt/ros/foxy:${CMAKE_PREFIX_PATH} /usr/bin/cmake --build /home/gentleshaz/ros2_ws/l5/build/control_selector -- -j4 -l4
[11.510s] DEBUG:colcon.colcon_core.event_handler.log_command:Invoking command in '/home/gentleshaz/ros2_ws/l5/build/control_selector': CMAKE_PREFIX_PATH=/opt/ros/foxy:${CMAKE_PREFIX_PATH} /usr/bin/cmake --install /home/gentleshaz/ros2_ws/l5/build/control_selector
[11.532s] Level 1:colcon.colcon_core.environment:create_environment_scripts_only(control_selector)
[11.532s] Level 1:colcon.colcon_core.environment:checking '/home/gentleshaz/ros2_ws/l5/install/control_selector' for CMake module files
[11.533s] DEBUG:colcon.colcon_core.event_handler.log_command:Invoked command in '/home/gentleshaz/ros2_ws/l5/build/control_selector' returned '0': CMAKE_PREFIX_PATH=/opt/ros/foxy:${CMAKE_PREFIX_PATH} /usr/bin/cmake --install /home/gentleshaz/ros2_ws/l5/build/control_selector
[11.534s] Level 1:colcon.colcon_core.environment:checking '/home/gentleshaz/ros2_ws/l5/install/control_selector' for CMake config files
[11.534s] Level 1:colcon.colcon_core.shell:create_environment_hook('control_selector', 'cmake_prefix_path')
[11.534s] INFO:colcon.colcon_core.shell:Creating environment hook '/home/gentleshaz/ros2_ws/l5/install/control_selector/share/control_selector/hook/cmake_prefix_path.ps1'
[11.535s] INFO:colcon.colcon_core.shell:Creating environment descriptor '/home/gentleshaz/ros2_ws/l5/install/control_selector/share/control_selector/hook/cmake_prefix_path.dsv'
[11.535s] INFO:colcon.colcon_core.shell:Creating environment hook '/home/gentleshaz/ros2_ws/l5/install/control_selector/share/control_selector/hook/cmake_prefix_path.sh'
[11.536s] Level 1:colcon.colcon_core.environment:checking '/home/gentleshaz/ros2_ws/l5/install/control_selector/lib'
[11.536s] Level 1:colcon.colcon_core.environment:checking '/home/gentleshaz/ros2_ws/l5/install/control_selector/bin'
[11.536s] Level 1:colcon.colcon_core.environment:checking '/home/gentleshaz/ros2_ws/l5/install/control_selector/lib/pkgconfig/control_selector.pc'
[11.536s] Level 1:colcon.colcon_core.environment:checking '/home/gentleshaz/ros2_ws/l5/install/control_selector/lib/python3.8/site-packages'
[11.537s] Level 1:colcon.colcon_core.environment:checking '/home/gentleshaz/ros2_ws/l5/install/control_selector/bin'
[11.537s] INFO:colcon.colcon_core.shell:Creating package script '/home/gentleshaz/ros2_ws/l5/install/control_selector/share/control_selector/package.ps1'
[11.537s] INFO:colcon.colcon_core.shell:Creating package descriptor '/home/gentleshaz/ros2_ws/l5/install/control_selector/share/control_selector/package.dsv'
[11.538s] INFO:colcon.colcon_core.shell:Creating package script '/home/gentleshaz/ros2_ws/l5/install/control_selector/share/control_selector/package.sh'
[11.538s] INFO:colcon.colcon_core.shell:Creating package script '/home/gentleshaz/ros2_ws/l5/install/control_selector/share/control_selector/package.bash'
[11.538s] INFO:colcon.colcon_core.shell:Creating package script '/home/gentleshaz/ros2_ws/l5/install/control_selector/share/control_selector/package.zsh'
[11.539s] Level 1:colcon.colcon_core.environment:create_file_with_runtime_dependencies(/home/gentleshaz/ros2_ws/l5/install/control_selector/share/colcon-core/packages/control_selector)
[11.539s] Level 1:colcon.colcon_core.environment:create_environment_scripts_only(control_selector)
[11.540s] Level 1:colcon.colcon_core.environment:checking '/home/gentleshaz/ros2_ws/l5/install/control_selector' for CMake module files
[11.540s] Level 1:colcon.colcon_core.environment:checking '/home/gentleshaz/ros2_ws/l5/install/control_selector' for CMake config files
[11.540s] Level 1:colcon.colcon_core.shell:create_environment_hook('control_selector', 'cmake_prefix_path')
[11.541s] INFO:colcon.colcon_core.shell:Creating environment hook '/home/gentleshaz/ros2_ws/l5/install/control_selector/share/control_selector/hook/cmake_prefix_path.ps1'
[11.541s] INFO:colcon.colcon_core.shell:Creating environment descriptor '/home/gentleshaz/ros2_ws/l5/install/control_selector/share/control_selector/hook/cmake_prefix_path.dsv'
[11.541s] INFO:colcon.colcon_core.shell:Creating environment hook '/home/gentleshaz/ros2_ws/l5/install/control_selector/share/control_selector/hook/cmake_prefix_path.sh'
[11.542s] Level 1:colcon.colcon_core.environment:checking '/home/gentleshaz/ros2_ws/l5/install/control_selector/lib'
[11.542s] Level 1:colcon.colcon_core.environment:checking '/home/gentleshaz/ros2_ws/l5/install/control_selector/bin'
[11.542s] Level 1:colcon.colcon_core.environment:checking '/home/gentleshaz/ros2_ws/l5/install/control_selector/lib/pkgconfig/control_selector.pc'
[11.542s] Level 1:colcon.colcon_core.environment:checking '/home/gentleshaz/ros2_ws/l5/install/control_selector/lib/python3.8/site-packages'
[11.543s] Level 1:colcon.colcon_core.environment:checking '/home/gentleshaz/ros2_ws/l5/install/control_selector/bin'
[11.543s] INFO:colcon.colcon_core.shell:Creating package script '/home/gentleshaz/ros2_ws/l5/install/control_selector/share/control_selector/package.ps1'
[11.543s] INFO:colcon.colcon_core.shell:Creating package descriptor '/home/gentleshaz/ros2_ws/l5/install/control_selector/share/control_selector/package.dsv'
[11.544s] INFO:colcon.colcon_core.shell:Creating package script '/home/gentleshaz/ros2_ws/l5/install/control_selector/share/control_selector/package.sh'
[11.544s] INFO:colcon.colcon_core.shell:Creating package script '/home/gentleshaz/ros2_ws/l5/install/control_selector/share/control_selector/package.bash'
[11.545s] INFO:colcon.colcon_core.shell:Creating package script '/home/gentleshaz/ros2_ws/l5/install/control_selector/share/control_selector/package.zsh'
[11.545s] Level 1:colcon.colcon_core.environment:create_file_with_runtime_dependencies(/home/gentleshaz/ros2_ws/l5/install/control_selector/share/colcon-core/packages/control_selector)
[11.545s] DEBUG:colcon.colcon_parallel_executor.executor.parallel:closing loop
[11.546s] DEBUG:colcon.colcon_parallel_executor.executor.parallel:loop closed
[11.546s] DEBUG:colcon.colcon_parallel_executor.executor.parallel:run_until_complete finished with '0'
[11.546s] DEBUG:colcon.colcon_core.event_reactor:joining thread
[11.555s] INFO:colcon.colcon_core.plugin_system:Skipping extension 'colcon_notification.desktop_notification.terminal_notifier': Not used on non-Darwin systems
[11.555s] INFO:colcon.colcon_core.plugin_system:Skipping extension 'colcon_notification.desktop_notification.win32': Not used on non-Windows systems
[11.555s] INFO:colcon.colcon_notification.desktop_notification:Sending desktop notification using 'notify2'
[11.571s] DEBUG:colcon.colcon_core.event_reactor:joined thread
[11.572s] INFO:colcon.colcon_core.shell:Creating prefix script '/home/gentleshaz/ros2_ws/l5/install/local_setup.ps1'
[11.573s] INFO:colcon.colcon_core.shell:Creating prefix util module '/home/gentleshaz/ros2_ws/l5/install/_local_setup_util_ps1.py'
[11.576s] INFO:colcon.colcon_core.shell:Creating prefix chain script '/home/gentleshaz/ros2_ws/l5/install/setup.ps1'
[11.577s] INFO:colcon.colcon_core.shell:Creating prefix script '/home/gentleshaz/ros2_ws/l5/install/local_setup.sh'
[11.578s] INFO:colcon.colcon_core.shell:Creating prefix util module '/home/gentleshaz/ros2_ws/l5/install/_local_setup_util_sh.py'
[11.579s] INFO:colcon.colcon_core.shell:Creating prefix chain script '/home/gentleshaz/ros2_ws/l5/install/setup.sh'
[11.581s] INFO:colcon.colcon_core.shell:Creating prefix script '/home/gentleshaz/ros2_ws/l5/install/local_setup.bash'
[11.582s] INFO:colcon.colcon_core.shell:Creating prefix chain script '/home/gentleshaz/ros2_ws/l5/install/setup.bash'
[11.583s] INFO:colcon.colcon_core.shell:Creating prefix script '/home/gentleshaz/ros2_ws/l5/install/local_setup.zsh'
[11.584s] INFO:colcon.colcon_core.shell:Creating prefix chain script '/home/gentleshaz/ros2_ws/l5/install/setup.zsh'
