[0.014s] Invoking command in '/home/gentleshaz/ros2_ws/l3/build/line_control': CMAKE_PREFIX_PATH=/opt/ros/foxy:${CMAKE_PREFIX_PATH} /usr/bin/cmake /home/gentleshaz/ros2_ws/l3/src/line_control -DCMAKE_INSTALL_PREFIX=/home/gentleshaz/ros2_ws/l3/install/line_control
[0.079s] -- The C compiler identification is GNU 9.4.0
[0.142s] -- The CXX compiler identification is GNU 9.4.0
[0.147s] -- Check for working C compiler: /usr/bin/cc
[0.226s] -- Check for working C compiler: /usr/bin/cc -- works
[0.227s] -- Detecting C compiler ABI info
[0.305s] -- Detecting C compiler ABI info - done
[0.318s] -- Detecting C compile features
[0.318s] -- Detecting C compile features - done
[0.321s] -- Check for working CXX compiler: /usr/bin/c++
[0.409s] -- Check for working CXX compiler: /usr/bin/c++ -- works
[0.410s] -- Detecting CXX compiler ABI info
[0.498s] -- Detecting CXX compiler ABI info - done
[0.511s] -- Detecting CXX compile features
[0.511s] -- Detecting CXX compile features - done
[0.513s] -- Found ament_cmake: 0.9.12 (/opt/ros/foxy/share/ament_cmake/cmake)
[0.540s] -- Found PythonInterp: /usr/bin/python3 (found suitable version "3.8.10", minimum required is "3") 
[0.540s] -- Using PYTHON_EXECUTABLE: /usr/bin/python3
[0.773s] -- Found rclcpp: 2.4.3 (/opt/ros/foxy/share/rclcpp/cmake)
[0.816s] -- Using all available rosidl_typesupport_c: rosidl_typesupport_fastrtps_c;rosidl_typesupport_introspection_c
[0.822s] -- Found rosidl_adapter: 1.3.1 (/opt/ros/foxy/share/rosidl_adapter/cmake)
[0.923s] -- Found OpenSSL: /usr/lib/x86_64-linux-gnu/libcrypto.so (found version "1.1.1f")  
[0.956s] -- Found FastRTPS: /opt/ros/foxy/include  
[1.040s] -- Using all available rosidl_typesupport_cpp: rosidl_typesupport_fastrtps_cpp;rosidl_typesupport_introspection_cpp
[1.100s] -- Found rmw_implementation_cmake: 1.0.4 (/opt/ros/foxy/share/rmw_implementation_cmake/cmake)
[1.101s] -- Using RMW implementation 'rmw_fastrtps_cpp' as default
[1.102s] -- Looking for pthread.h
[1.189s] -- Looking for pthread.h - found
[1.189s] -- Performing Test CMAKE_HAVE_LIBC_PTHREAD
[1.273s] -- Performing Test CMAKE_HAVE_LIBC_PTHREAD - Failed
[1.273s] -- Looking for pthread_create in pthreads
[1.339s] -- Looking for pthread_create in pthreads - not found
[1.339s] -- Looking for pthread_create in pthread
[1.420s] -- Looking for pthread_create in pthread - found
[1.422s] -- Found Threads: TRUE  
[1.603s] -- Found geometry_msgs: 2.0.5 (/opt/ros/foxy/share/geometry_msgs/cmake)
[1.645s] -- Found sensor_msgs: 2.0.5 (/opt/ros/foxy/share/sensor_msgs/cmake)
[1.731s] -- Found nav_msgs: 2.0.5 (/opt/ros/foxy/share/nav_msgs/cmake)
[1.819s] -- Found ament_lint_auto: 0.9.8 (/opt/ros/foxy/share/ament_lint_auto/cmake)
[1.897s] -- Added test 'copyright' to check source files copyright and LICENSE
[1.898s] -- Added test 'cppcheck' to perform static code analysis on C / C++ code
[1.898s] -- Configured cppcheck include dirs: 
[1.898s] -- Configured cppcheck exclude dirs and/or files: 
[1.899s] -- Added test 'cpplint' to check C / C++ code against the Google style
[1.899s] -- Configured cpplint exclude dirs and/or files: 
[1.900s] -- Added test 'lint_cmake' to check CMake code style
[1.901s] -- Added test 'uncrustify' to check C / C++ code style
[1.901s] -- Configured uncrustify additional arguments: 
[1.901s] -- Added test 'xmllint' to check XML markup files
[1.905s] -- Configuring done
[1.917s] -- Generating done
[1.922s] -- Build files have been written to: /home/gentleshaz/ros2_ws/l3/build/line_control
[1.933s] Invoked command in '/home/gentleshaz/ros2_ws/l3/build/line_control' returned '0': CMAKE_PREFIX_PATH=/opt/ros/foxy:${CMAKE_PREFIX_PATH} /usr/bin/cmake /home/gentleshaz/ros2_ws/l3/src/line_control -DCMAKE_INSTALL_PREFIX=/home/gentleshaz/ros2_ws/l3/install/line_control
[1.937s] Invoking command in '/home/gentleshaz/ros2_ws/l3/build/line_control': CMAKE_PREFIX_PATH=/opt/ros/foxy:${CMAKE_PREFIX_PATH} /usr/bin/cmake --build /home/gentleshaz/ros2_ws/l3/build/line_control -- -j4 -l4
[1.981s] [35m[1mScanning dependencies of target line_control_node[0m
[2.030s] [ 50%] [32mBuilding CXX object CMakeFiles/line_control_node.dir/src/line_control.cpp.o[0m
[8.602s] [100%] [32m[1mLinking CXX executable line_control_node[0m
[8.977s] [100%] Built target line_control_node
[8.990s] Invoked command in '/home/gentleshaz/ros2_ws/l3/build/line_control' returned '0': CMAKE_PREFIX_PATH=/opt/ros/foxy:${CMAKE_PREFIX_PATH} /usr/bin/cmake --build /home/gentleshaz/ros2_ws/l3/build/line_control -- -j4 -l4
[9.004s] Invoking command in '/home/gentleshaz/ros2_ws/l3/build/line_control': CMAKE_PREFIX_PATH=/opt/ros/foxy:${CMAKE_PREFIX_PATH} /usr/bin/cmake --install /home/gentleshaz/ros2_ws/l3/build/line_control
[9.012s] -- Install configuration: ""
[9.012s] -- Installing: /home/gentleshaz/ros2_ws/l3/install/line_control/lib/line_control/line_control_node
[9.016s] -- Set runtime path of "/home/gentleshaz/ros2_ws/l3/install/line_control/lib/line_control/line_control_node" to ""
[9.016s] -- Installing: /home/gentleshaz/ros2_ws/l3/install/line_control/share/line_control/launch
[9.016s] -- Installing: /home/gentleshaz/ros2_ws/l3/install/line_control/share/line_control/launch/line.launch.xml
[9.017s] -- Installing: /home/gentleshaz/ros2_ws/l3/install/line_control/share/ament_index/resource_index/package_run_dependencies/line_control
[9.017s] -- Installing: /home/gentleshaz/ros2_ws/l3/install/line_control/share/ament_index/resource_index/parent_prefix_path/line_control
[9.017s] -- Installing: /home/gentleshaz/ros2_ws/l3/install/line_control/share/line_control/environment/ament_prefix_path.sh
[9.017s] -- Installing: /home/gentleshaz/ros2_ws/l3/install/line_control/share/line_control/environment/ament_prefix_path.dsv
[9.017s] -- Installing: /home/gentleshaz/ros2_ws/l3/install/line_control/share/line_control/environment/path.sh
[9.018s] -- Installing: /home/gentleshaz/ros2_ws/l3/install/line_control/share/line_control/environment/path.dsv
[9.018s] -- Installing: /home/gentleshaz/ros2_ws/l3/install/line_control/share/line_control/local_setup.bash
[9.018s] -- Installing: /home/gentleshaz/ros2_ws/l3/install/line_control/share/line_control/local_setup.sh
[9.018s] -- Installing: /home/gentleshaz/ros2_ws/l3/install/line_control/share/line_control/local_setup.zsh
[9.018s] -- Installing: /home/gentleshaz/ros2_ws/l3/install/line_control/share/line_control/local_setup.dsv
[9.018s] -- Installing: /home/gentleshaz/ros2_ws/l3/install/line_control/share/line_control/package.dsv
[9.019s] -- Installing: /home/gentleshaz/ros2_ws/l3/install/line_control/share/ament_index/resource_index/packages/line_control
[9.019s] -- Installing: /home/gentleshaz/ros2_ws/l3/install/line_control/share/line_control/cmake/line_controlConfig.cmake
[9.019s] -- Installing: /home/gentleshaz/ros2_ws/l3/install/line_control/share/line_control/cmake/line_controlConfig-version.cmake
[9.019s] -- Installing: /home/gentleshaz/ros2_ws/l3/install/line_control/share/line_control/package.xml
[9.022s] Invoked command in '/home/gentleshaz/ros2_ws/l3/build/line_control' returned '0': CMAKE_PREFIX_PATH=/opt/ros/foxy:${CMAKE_PREFIX_PATH} /usr/bin/cmake --install /home/gentleshaz/ros2_ws/l3/build/line_control
