[0.235s] DEBUG:colcon:Command line arguments: ['/usr/bin/colcon', 'build']
[0.235s] DEBUG:colcon:Parsed command line arguments: Namespace(allow_overriding=[], ament_cmake_args=None, base_paths=['.'], build_base='build', catkin_cmake_args=None, catkin_skip_building_tests=False, cmake_args=None, cmake_clean_cache=False, cmake_clean_first=False, cmake_force_configure=False, cmake_target=None, cmake_target_skip_unavailable=False, continue_on_error=False, event_handlers=None, executor='parallel', ignore_user_meta=False, install_base='install', log_base=None, log_level=None, main=<bound method BuildVerb.main of <colcon_core.verb.build.BuildVerb object at 0x7f9f53dd5a60>>, merge_install=False, metas=['./colcon.meta'], packages_above=None, packages_above_and_dependencies=None, packages_above_depth=None, packages_end=None, packages_ignore=None, packages_ignore_regex=None, packages_select=None, packages_select_build_failed=False, packages_select_by_dep=None, packages_select_regex=None, packages_select_test_failures=False, packages_skip=None, packages_skip_build_finished=False, packages_skip_by_dep=None, packages_skip_regex=None, packages_skip_test_passed=False, packages_skip_up_to=None, packages_start=None, packages_up_to=None, packages_up_to_regex=None, parallel_workers=4, paths=None, symlink_install=False, test_result_base=None, verb_extension=<colcon_core.verb.build.BuildVerb object at 0x7f9f53dd5a60>, verb_name='build', verb_parser=<colcon_defaults.argument_parser.defaults.DefaultArgumentsDecorator object at 0x7f9f53d20be0>)
[0.421s] Level 1:colcon.colcon_core.package_discovery:discover_packages(colcon_meta) check parameters
[0.422s] Level 1:colcon.colcon_core.package_discovery:discover_packages(recursive) check parameters
[0.422s] Level 1:colcon.colcon_core.package_discovery:discover_packages(ignore) check parameters
[0.422s] Level 1:colcon.colcon_core.package_discovery:discover_packages(path) check parameters
[0.422s] Level 1:colcon.colcon_core.package_discovery:discover_packages(colcon_meta) discover
[0.422s] Level 1:colcon.colcon_core.package_discovery:discover_packages(recursive) discover
[0.422s] INFO:colcon.colcon_core.package_discovery:Crawling recursively for packages in '/home/gentleshaz/ros2_ws/l2'
[0.422s] Level 1:colcon.colcon_core.package_identification:_identify(.) by extensions ['ignore', 'ignore_ament_install']
[0.422s] Level 1:colcon.colcon_core.package_identification:_identify(.) by extension 'ignore'
[0.422s] Level 1:colcon.colcon_core.package_identification:_identify(.) by extension 'ignore_ament_install'
[0.422s] Level 1:colcon.colcon_core.package_identification:_identify(.) by extensions ['colcon_pkg']
[0.422s] Level 1:colcon.colcon_core.package_identification:_identify(.) by extension 'colcon_pkg'
[0.422s] Level 1:colcon.colcon_core.package_identification:_identify(.) by extensions ['colcon_meta']
[0.422s] Level 1:colcon.colcon_core.package_identification:_identify(.) by extension 'colcon_meta'
[0.422s] Level 1:colcon.colcon_core.package_identification:_identify(.) by extensions ['ros']
[0.422s] Level 1:colcon.colcon_core.package_identification:_identify(.) by extension 'ros'
[0.434s] Level 1:colcon.colcon_core.package_identification:_identify(.) by extensions ['cmake', 'python']
[0.434s] Level 1:colcon.colcon_core.package_identification:_identify(.) by extension 'cmake'
[0.434s] Level 1:colcon.colcon_core.package_identification:_identify(.) by extension 'python'
[0.434s] Level 1:colcon.colcon_core.package_identification:_identify(.) by extensions ['python_setup_py']
[0.434s] Level 1:colcon.colcon_core.package_identification:_identify(.) by extension 'python_setup_py'
[0.434s] Level 1:colcon.colcon_core.package_identification:_identify(build) by extensions ['ignore', 'ignore_ament_install']
[0.435s] Level 1:colcon.colcon_core.package_identification:_identify(build) by extension 'ignore'
[0.435s] Level 1:colcon.colcon_core.package_identification:_identify(build) ignored
[0.435s] Level 1:colcon.colcon_core.package_identification:_identify(install) by extensions ['ignore', 'ignore_ament_install']
[0.435s] Level 1:colcon.colcon_core.package_identification:_identify(install) by extension 'ignore'
[0.435s] Level 1:colcon.colcon_core.package_identification:_identify(install) ignored
[0.435s] Level 1:colcon.colcon_core.package_identification:_identify(log) by extensions ['ignore', 'ignore_ament_install']
[0.435s] Level 1:colcon.colcon_core.package_identification:_identify(log) by extension 'ignore'
[0.435s] Level 1:colcon.colcon_core.package_identification:_identify(log) ignored
[0.435s] Level 1:colcon.colcon_core.package_identification:_identify(src) by extensions ['ignore', 'ignore_ament_install']
[0.435s] Level 1:colcon.colcon_core.package_identification:_identify(src) by extension 'ignore'
[0.435s] Level 1:colcon.colcon_core.package_identification:_identify(src) by extension 'ignore_ament_install'
[0.435s] Level 1:colcon.colcon_core.package_identification:_identify(src) by extensions ['colcon_pkg']
[0.435s] Level 1:colcon.colcon_core.package_identification:_identify(src) by extension 'colcon_pkg'
[0.435s] Level 1:colcon.colcon_core.package_identification:_identify(src) by extensions ['colcon_meta']
[0.435s] Level 1:colcon.colcon_core.package_identification:_identify(src) by extension 'colcon_meta'
[0.435s] Level 1:colcon.colcon_core.package_identification:_identify(src) by extensions ['ros']
[0.435s] Level 1:colcon.colcon_core.package_identification:_identify(src) by extension 'ros'
[0.436s] Level 1:colcon.colcon_core.package_identification:_identify(src) by extensions ['cmake', 'python']
[0.436s] Level 1:colcon.colcon_core.package_identification:_identify(src) by extension 'cmake'
[0.436s] Level 1:colcon.colcon_core.package_identification:_identify(src) by extension 'python'
[0.436s] Level 1:colcon.colcon_core.package_identification:_identify(src) by extensions ['python_setup_py']
[0.436s] Level 1:colcon.colcon_core.package_identification:_identify(src) by extension 'python_setup_py'
[0.436s] Level 1:colcon.colcon_core.package_identification:_identify(src/lab_2) by extensions ['ignore', 'ignore_ament_install']
[0.436s] Level 1:colcon.colcon_core.package_identification:_identify(src/lab_2) by extension 'ignore'
[0.436s] Level 1:colcon.colcon_core.package_identification:_identify(src/lab_2) by extension 'ignore_ament_install'
[0.436s] Level 1:colcon.colcon_core.package_identification:_identify(src/lab_2) by extensions ['colcon_pkg']
[0.436s] Level 1:colcon.colcon_core.package_identification:_identify(src/lab_2) by extension 'colcon_pkg'
[0.436s] Level 1:colcon.colcon_core.package_identification:_identify(src/lab_2) by extensions ['colcon_meta']
[0.436s] Level 1:colcon.colcon_core.package_identification:_identify(src/lab_2) by extension 'colcon_meta'
[0.436s] Level 1:colcon.colcon_core.package_identification:_identify(src/lab_2) by extensions ['ros']
[0.436s] Level 1:colcon.colcon_core.package_identification:_identify(src/lab_2) by extension 'ros'
[0.439s] DEBUG:colcon.colcon_core.package_identification:Package 'src/lab_2' with type 'ros.ament_cmake' and name 'lab_2'
[0.439s] Level 1:colcon.colcon_core.package_identification:_identify(src/worlds) by extensions ['ignore', 'ignore_ament_install']
[0.439s] Level 1:colcon.colcon_core.package_identification:_identify(src/worlds) by extension 'ignore'
[0.439s] Level 1:colcon.colcon_core.package_identification:_identify(src/worlds) by extension 'ignore_ament_install'
[0.439s] Level 1:colcon.colcon_core.package_identification:_identify(src/worlds) by extensions ['colcon_pkg']
[0.439s] Level 1:colcon.colcon_core.package_identification:_identify(src/worlds) by extension 'colcon_pkg'
[0.439s] Level 1:colcon.colcon_core.package_identification:_identify(src/worlds) by extensions ['colcon_meta']
[0.439s] Level 1:colcon.colcon_core.package_identification:_identify(src/worlds) by extension 'colcon_meta'
[0.439s] Level 1:colcon.colcon_core.package_identification:_identify(src/worlds) by extensions ['ros']
[0.439s] Level 1:colcon.colcon_core.package_identification:_identify(src/worlds) by extension 'ros'
[0.439s] Level 1:colcon.colcon_core.package_identification:_identify(src/worlds) by extensions ['cmake', 'python']
[0.439s] Level 1:colcon.colcon_core.package_identification:_identify(src/worlds) by extension 'cmake'
[0.439s] Level 1:colcon.colcon_core.package_identification:_identify(src/worlds) by extension 'python'
[0.439s] Level 1:colcon.colcon_core.package_identification:_identify(src/worlds) by extensions ['python_setup_py']
[0.439s] Level 1:colcon.colcon_core.package_identification:_identify(src/worlds) by extension 'python_setup_py'
[0.440s] Level 1:colcon.colcon_core.package_identification:_identify(src/worlds/bitmaps) by extensions ['ignore', 'ignore_ament_install']
[0.440s] Level 1:colcon.colcon_core.package_identification:_identify(src/worlds/bitmaps) by extension 'ignore'
[0.440s] Level 1:colcon.colcon_core.package_identification:_identify(src/worlds/bitmaps) by extension 'ignore_ament_install'
[0.440s] Level 1:colcon.colcon_core.package_identification:_identify(src/worlds/bitmaps) by extensions ['colcon_pkg']
[0.440s] Level 1:colcon.colcon_core.package_identification:_identify(src/worlds/bitmaps) by extension 'colcon_pkg'
[0.440s] Level 1:colcon.colcon_core.package_identification:_identify(src/worlds/bitmaps) by extensions ['colcon_meta']
[0.440s] Level 1:colcon.colcon_core.package_identification:_identify(src/worlds/bitmaps) by extension 'colcon_meta'
[0.440s] Level 1:colcon.colcon_core.package_identification:_identify(src/worlds/bitmaps) by extensions ['ros']
[0.440s] Level 1:colcon.colcon_core.package_identification:_identify(src/worlds/bitmaps) by extension 'ros'
[0.440s] Level 1:colcon.colcon_core.package_identification:_identify(src/worlds/bitmaps) by extensions ['cmake', 'python']
[0.440s] Level 1:colcon.colcon_core.package_identification:_identify(src/worlds/bitmaps) by extension 'cmake'
[0.440s] Level 1:colcon.colcon_core.package_identification:_identify(src/worlds/bitmaps) by extension 'python'
[0.440s] Level 1:colcon.colcon_core.package_identification:_identify(src/worlds/bitmaps) by extensions ['python_setup_py']
[0.440s] Level 1:colcon.colcon_core.package_identification:_identify(src/worlds/bitmaps) by extension 'python_setup_py'
[0.440s] Level 1:colcon.colcon_core.package_discovery:discover_packages(recursive) using defaults
[0.440s] Level 1:colcon.colcon_core.package_discovery:discover_packages(ignore) discover
[0.440s] Level 1:colcon.colcon_core.package_discovery:discover_packages(ignore) using defaults
[0.440s] Level 1:colcon.colcon_core.package_discovery:discover_packages(path) discover
[0.440s] Level 1:colcon.colcon_core.package_discovery:discover_packages(path) using defaults
[0.456s] Level 1:colcon.colcon_core.package_discovery:discover_packages(prefix_path) check parameters
[0.456s] Level 1:colcon.colcon_core.package_discovery:discover_packages(prefix_path) discover
[0.458s] DEBUG:colcon.colcon_installed_package_information.package_discovery:Found 171 installed packages in /opt/ros/foxy
[0.461s] Level 1:colcon.colcon_core.package_discovery:discover_packages(prefix_path) using defaults
[0.519s] Level 5:colcon.colcon_core.verb:set package 'lab_2' build argument 'cmake_args' from command line to 'None'
[0.519s] Level 5:colcon.colcon_core.verb:set package 'lab_2' build argument 'cmake_target' from command line to 'None'
[0.519s] Level 5:colcon.colcon_core.verb:set package 'lab_2' build argument 'cmake_target_skip_unavailable' from command line to 'False'
[0.519s] Level 5:colcon.colcon_core.verb:set package 'lab_2' build argument 'cmake_clean_cache' from command line to 'False'
[0.519s] Level 5:colcon.colcon_core.verb:set package 'lab_2' build argument 'cmake_clean_first' from command line to 'False'
[0.519s] Level 5:colcon.colcon_core.verb:set package 'lab_2' build argument 'cmake_force_configure' from command line to 'False'
[0.519s] Level 5:colcon.colcon_core.verb:set package 'lab_2' build argument 'ament_cmake_args' from command line to 'None'
[0.519s] Level 5:colcon.colcon_core.verb:set package 'lab_2' build argument 'catkin_cmake_args' from command line to 'None'
[0.519s] Level 5:colcon.colcon_core.verb:set package 'lab_2' build argument 'catkin_skip_building_tests' from command line to 'False'
[0.519s] DEBUG:colcon.colcon_core.verb:Building package 'lab_2' with the following arguments: {'ament_cmake_args': None, 'build_base': '/home/gentleshaz/ros2_ws/l2/build/lab_2', 'catkin_cmake_args': None, 'catkin_skip_building_tests': False, 'cmake_args': None, 'cmake_clean_cache': False, 'cmake_clean_first': False, 'cmake_force_configure': False, 'cmake_target': None, 'cmake_target_skip_unavailable': False, 'install_base': '/home/gentleshaz/ros2_ws/l2/install/lab_2', 'merge_install': False, 'path': '/home/gentleshaz/ros2_ws/l2/src/lab_2', 'symlink_install': False, 'test_result_base': None}
[0.519s] INFO:colcon.colcon_core.executor:Executing jobs using 'parallel' executor
[0.521s] DEBUG:colcon.colcon_parallel_executor.executor.parallel:run_until_complete
[0.521s] INFO:colcon.colcon_ros.task.ament_cmake.build:Building ROS package in '/home/gentleshaz/ros2_ws/l2/src/lab_2' with build type 'ament_cmake'
[0.521s] INFO:colcon.colcon_cmake.task.cmake.build:Building CMake package in '/home/gentleshaz/ros2_ws/l2/src/lab_2'
[0.523s] INFO:colcon.colcon_core.plugin_system:Skipping extension 'colcon_core.shell.bat': Not used on non-Windows systems
[0.524s] INFO:colcon.colcon_core.shell:Skip shell extension 'powershell' for command environment: Not usable outside of PowerShell
[0.524s] DEBUG:colcon.colcon_core.shell:Skip shell extension 'dsv' for command environment
[0.525s] DEBUG:colcon.colcon_core.shell:Ignoring prefix path '/opt/ros/noetic'
[0.535s] DEBUG:colcon.colcon_core.event_handler.log_command:Invoking command in '/home/gentleshaz/ros2_ws/l2/build/lab_2': CMAKE_PREFIX_PATH=/opt/ros/foxy:${CMAKE_PREFIX_PATH} /usr/bin/cmake /home/gentleshaz/ros2_ws/l2/src/lab_2 -DCMAKE_INSTALL_PREFIX=/home/gentleshaz/ros2_ws/l2/install/lab_2
[2.503s] DEBUG:colcon.colcon_core.event_handler.log_command:Invoked command in '/home/gentleshaz/ros2_ws/l2/build/lab_2' returned '0': CMAKE_PREFIX_PATH=/opt/ros/foxy:${CMAKE_PREFIX_PATH} /usr/bin/cmake /home/gentleshaz/ros2_ws/l2/src/lab_2 -DCMAKE_INSTALL_PREFIX=/home/gentleshaz/ros2_ws/l2/install/lab_2
[2.508s] DEBUG:colcon.colcon_core.event_handler.log_command:Invoking command in '/home/gentleshaz/ros2_ws/l2/build/lab_2': CMAKE_PREFIX_PATH=/opt/ros/foxy:${CMAKE_PREFIX_PATH} /usr/bin/cmake --build /home/gentleshaz/ros2_ws/l2/build/lab_2 -- -j4 -l4
[10.247s] DEBUG:colcon.colcon_core.event_handler.log_command:Invoked command in '/home/gentleshaz/ros2_ws/l2/build/lab_2' returned '0': CMAKE_PREFIX_PATH=/opt/ros/foxy:${CMAKE_PREFIX_PATH} /usr/bin/cmake --build /home/gentleshaz/ros2_ws/l2/build/lab_2 -- -j4 -l4
[10.273s] DEBUG:colcon.colcon_core.event_handler.log_command:Invoking command in '/home/gentleshaz/ros2_ws/l2/build/lab_2': CMAKE_PREFIX_PATH=/opt/ros/foxy:${CMAKE_PREFIX_PATH} /usr/bin/cmake --install /home/gentleshaz/ros2_ws/l2/build/lab_2
[10.298s] Level 1:colcon.colcon_core.environment:create_environment_scripts_only(lab_2)
[10.300s] DEBUG:colcon.colcon_core.event_handler.log_command:Invoked command in '/home/gentleshaz/ros2_ws/l2/build/lab_2' returned '0': CMAKE_PREFIX_PATH=/opt/ros/foxy:${CMAKE_PREFIX_PATH} /usr/bin/cmake --install /home/gentleshaz/ros2_ws/l2/build/lab_2
[10.304s] Level 1:colcon.colcon_core.environment:checking '/home/gentleshaz/ros2_ws/l2/install/lab_2' for CMake module files
[10.305s] Level 1:colcon.colcon_core.environment:checking '/home/gentleshaz/ros2_ws/l2/install/lab_2' for CMake config files
[10.305s] Level 1:colcon.colcon_core.shell:create_environment_hook('lab_2', 'cmake_prefix_path')
[10.306s] INFO:colcon.colcon_core.shell:Creating environment hook '/home/gentleshaz/ros2_ws/l2/install/lab_2/share/lab_2/hook/cmake_prefix_path.ps1'
[10.306s] INFO:colcon.colcon_core.shell:Creating environment descriptor '/home/gentleshaz/ros2_ws/l2/install/lab_2/share/lab_2/hook/cmake_prefix_path.dsv'
[10.307s] INFO:colcon.colcon_core.shell:Creating environment hook '/home/gentleshaz/ros2_ws/l2/install/lab_2/share/lab_2/hook/cmake_prefix_path.sh'
[10.308s] Level 1:colcon.colcon_core.environment:checking '/home/gentleshaz/ros2_ws/l2/install/lab_2/lib'
[10.308s] Level 1:colcon.colcon_core.environment:checking '/home/gentleshaz/ros2_ws/l2/install/lab_2/bin'
[10.308s] Level 1:colcon.colcon_core.environment:checking '/home/gentleshaz/ros2_ws/l2/install/lab_2/lib/pkgconfig/lab_2.pc'
[10.309s] Level 1:colcon.colcon_core.environment:checking '/home/gentleshaz/ros2_ws/l2/install/lab_2/lib/python3.8/site-packages'
[10.309s] Level 1:colcon.colcon_core.environment:checking '/home/gentleshaz/ros2_ws/l2/install/lab_2/bin'
[10.310s] INFO:colcon.colcon_core.shell:Creating package script '/home/gentleshaz/ros2_ws/l2/install/lab_2/share/lab_2/package.ps1'
[10.312s] INFO:colcon.colcon_core.shell:Creating package descriptor '/home/gentleshaz/ros2_ws/l2/install/lab_2/share/lab_2/package.dsv'
[10.312s] INFO:colcon.colcon_core.shell:Creating package script '/home/gentleshaz/ros2_ws/l2/install/lab_2/share/lab_2/package.sh'
[10.313s] INFO:colcon.colcon_core.shell:Creating package script '/home/gentleshaz/ros2_ws/l2/install/lab_2/share/lab_2/package.bash'
[10.315s] INFO:colcon.colcon_core.shell:Creating package script '/home/gentleshaz/ros2_ws/l2/install/lab_2/share/lab_2/package.zsh'
[10.315s] Level 1:colcon.colcon_core.environment:create_file_with_runtime_dependencies(/home/gentleshaz/ros2_ws/l2/install/lab_2/share/colcon-core/packages/lab_2)
[10.317s] Level 1:colcon.colcon_core.environment:create_environment_scripts_only(lab_2)
[10.317s] Level 1:colcon.colcon_core.environment:checking '/home/gentleshaz/ros2_ws/l2/install/lab_2' for CMake module files
[10.318s] Level 1:colcon.colcon_core.environment:checking '/home/gentleshaz/ros2_ws/l2/install/lab_2' for CMake config files
[10.318s] Level 1:colcon.colcon_core.shell:create_environment_hook('lab_2', 'cmake_prefix_path')
[10.319s] INFO:colcon.colcon_core.shell:Creating environment hook '/home/gentleshaz/ros2_ws/l2/install/lab_2/share/lab_2/hook/cmake_prefix_path.ps1'
[10.319s] INFO:colcon.colcon_core.shell:Creating environment descriptor '/home/gentleshaz/ros2_ws/l2/install/lab_2/share/lab_2/hook/cmake_prefix_path.dsv'
[10.320s] INFO:colcon.colcon_core.shell:Creating environment hook '/home/gentleshaz/ros2_ws/l2/install/lab_2/share/lab_2/hook/cmake_prefix_path.sh'
[10.320s] Level 1:colcon.colcon_core.environment:checking '/home/gentleshaz/ros2_ws/l2/install/lab_2/lib'
[10.321s] Level 1:colcon.colcon_core.environment:checking '/home/gentleshaz/ros2_ws/l2/install/lab_2/bin'
[10.321s] Level 1:colcon.colcon_core.environment:checking '/home/gentleshaz/ros2_ws/l2/install/lab_2/lib/pkgconfig/lab_2.pc'
[10.321s] Level 1:colcon.colcon_core.environment:checking '/home/gentleshaz/ros2_ws/l2/install/lab_2/lib/python3.8/site-packages'
[10.321s] Level 1:colcon.colcon_core.environment:checking '/home/gentleshaz/ros2_ws/l2/install/lab_2/bin'
[10.322s] INFO:colcon.colcon_core.shell:Creating package script '/home/gentleshaz/ros2_ws/l2/install/lab_2/share/lab_2/package.ps1'
[10.322s] INFO:colcon.colcon_core.shell:Creating package descriptor '/home/gentleshaz/ros2_ws/l2/install/lab_2/share/lab_2/package.dsv'
[10.323s] INFO:colcon.colcon_core.shell:Creating package script '/home/gentleshaz/ros2_ws/l2/install/lab_2/share/lab_2/package.sh'
[10.323s] INFO:colcon.colcon_core.shell:Creating package script '/home/gentleshaz/ros2_ws/l2/install/lab_2/share/lab_2/package.bash'
[10.324s] INFO:colcon.colcon_core.shell:Creating package script '/home/gentleshaz/ros2_ws/l2/install/lab_2/share/lab_2/package.zsh'
[10.324s] Level 1:colcon.colcon_core.environment:create_file_with_runtime_dependencies(/home/gentleshaz/ros2_ws/l2/install/lab_2/share/colcon-core/packages/lab_2)
[10.325s] DEBUG:colcon.colcon_parallel_executor.executor.parallel:closing loop
[10.325s] DEBUG:colcon.colcon_parallel_executor.executor.parallel:loop closed
[10.325s] DEBUG:colcon.colcon_parallel_executor.executor.parallel:run_until_complete finished with '0'
[10.326s] DEBUG:colcon.colcon_core.event_reactor:joining thread
[10.332s] INFO:colcon.colcon_core.plugin_system:Skipping extension 'colcon_notification.desktop_notification.terminal_notifier': Not used on non-Darwin systems
[10.333s] INFO:colcon.colcon_core.plugin_system:Skipping extension 'colcon_notification.desktop_notification.win32': Not used on non-Windows systems
[10.333s] INFO:colcon.colcon_notification.desktop_notification:Sending desktop notification using 'notify2'
[10.353s] DEBUG:colcon.colcon_core.event_reactor:joined thread
[10.354s] INFO:colcon.colcon_core.shell:Creating prefix script '/home/gentleshaz/ros2_ws/l2/install/local_setup.ps1'
[10.355s] INFO:colcon.colcon_core.shell:Creating prefix util module '/home/gentleshaz/ros2_ws/l2/install/_local_setup_util_ps1.py'
[10.358s] INFO:colcon.colcon_core.shell:Creating prefix chain script '/home/gentleshaz/ros2_ws/l2/install/setup.ps1'
[10.359s] INFO:colcon.colcon_core.shell:Creating prefix script '/home/gentleshaz/ros2_ws/l2/install/local_setup.sh'
[10.360s] INFO:colcon.colcon_core.shell:Creating prefix util module '/home/gentleshaz/ros2_ws/l2/install/_local_setup_util_sh.py'
[10.360s] INFO:colcon.colcon_core.shell:Creating prefix chain script '/home/gentleshaz/ros2_ws/l2/install/setup.sh'
[10.362s] INFO:colcon.colcon_core.shell:Creating prefix script '/home/gentleshaz/ros2_ws/l2/install/local_setup.bash'
[10.363s] INFO:colcon.colcon_core.shell:Creating prefix chain script '/home/gentleshaz/ros2_ws/l2/install/setup.bash'
[10.364s] INFO:colcon.colcon_core.shell:Creating prefix script '/home/gentleshaz/ros2_ws/l2/install/local_setup.zsh'
[10.365s] INFO:colcon.colcon_core.shell:Creating prefix chain script '/home/gentleshaz/ros2_ws/l2/install/setup.zsh'
