[0.012s] Invoking command in '/home/gentleshaz/ros2_ws/l1/build/cpp_pubsub': CMAKE_PREFIX_PATH=/opt/ros/foxy:${CMAKE_PREFIX_PATH} /usr/bin/cmake /home/gentleshaz/ros2_ws/l1/src/cpp_pubsub -DCMAKE_INSTALL_PREFIX=/home/gentleshaz/ros2_ws/l1/install/cpp_pubsub
[0.084s] -- The C compiler identification is GNU 9.4.0
[0.149s] -- The CXX compiler identification is GNU 9.4.0
[0.154s] -- Check for working C compiler: /usr/bin/cc
[0.233s] -- Check for working C compiler: /usr/bin/cc -- works
[0.234s] -- Detecting C compiler ABI info
[0.315s] -- Detecting C compiler ABI info - done
[0.328s] -- Detecting C compile features
[0.328s] -- Detecting C compile features - done
[0.331s] -- Check for working CXX compiler: /usr/bin/c++
[0.421s] -- Check for working CXX compiler: /usr/bin/c++ -- works
[0.423s] -- Detecting CXX compiler ABI info
[0.513s] -- Detecting CXX compiler ABI info - done
[0.526s] -- Detecting CXX compile features
[0.527s] -- Detecting CXX compile features - done
[0.532s] -- Found ament_cmake: 0.9.12 (/opt/ros/foxy/share/ament_cmake/cmake)
[0.559s] -- Found PythonInterp: /usr/bin/python3 (found suitable version "3.8.10", minimum required is "3") 
[0.559s] -- Using PYTHON_EXECUTABLE: /usr/bin/python3
[0.807s] -- Found rclcpp: 2.4.3 (/opt/ros/foxy/share/rclcpp/cmake)
[0.859s] -- Using all available rosidl_typesupport_c: rosidl_typesupport_fastrtps_c;rosidl_typesupport_introspection_c
[0.867s] -- Found rosidl_adapter: 1.3.1 (/opt/ros/foxy/share/rosidl_adapter/cmake)
[0.978s] -- Found OpenSSL: /usr/lib/x86_64-linux-gnu/libcrypto.so (found version "1.1.1f")  
[1.011s] -- Found FastRTPS: /opt/ros/foxy/include  
[1.101s] -- Using all available rosidl_typesupport_cpp: rosidl_typesupport_fastrtps_cpp;rosidl_typesupport_introspection_cpp
[1.163s] -- Found rmw_implementation_cmake: 1.0.4 (/opt/ros/foxy/share/rmw_implementation_cmake/cmake)
[1.164s] -- Using RMW implementation 'rmw_fastrtps_cpp' as default
[1.165s] -- Looking for pthread.h
[1.255s] -- Looking for pthread.h - found
[1.255s] -- Performing Test CMAKE_HAVE_LIBC_PTHREAD
[1.342s] -- Performing Test CMAKE_HAVE_LIBC_PTHREAD - Failed
[1.342s] -- Looking for pthread_create in pthreads
[1.410s] -- Looking for pthread_create in pthreads - not found
[1.410s] -- Looking for pthread_create in pthread
[1.491s] -- Looking for pthread_create in pthread - found
[1.493s] -- Found Threads: TRUE  
[1.669s] -- Found ament_lint_auto: 0.9.8 (/opt/ros/foxy/share/ament_lint_auto/cmake)
[1.748s] -- Added test 'copyright' to check source files copyright and LICENSE
[1.749s] -- Added test 'cppcheck' to perform static code analysis on C / C++ code
[1.749s] -- Configured cppcheck include dirs: 
[1.749s] -- Configured cppcheck exclude dirs and/or files: 
[1.750s] -- Added test 'cpplint' to check C / C++ code against the Google style
[1.750s] -- Configured cpplint exclude dirs and/or files: 
[1.750s] -- Added test 'lint_cmake' to check CMake code style
[1.751s] -- Added test 'uncrustify' to check C / C++ code style
[1.751s] -- Configured uncrustify additional arguments: 
[1.752s] -- Added test 'xmllint' to check XML markup files
[1.756s] -- Configuring done
[1.768s] -- Generating done
[1.774s] -- Build files have been written to: /home/gentleshaz/ros2_ws/l1/build/cpp_pubsub
[1.782s] Invoked command in '/home/gentleshaz/ros2_ws/l1/build/cpp_pubsub' returned '0': CMAKE_PREFIX_PATH=/opt/ros/foxy:${CMAKE_PREFIX_PATH} /usr/bin/cmake /home/gentleshaz/ros2_ws/l1/src/cpp_pubsub -DCMAKE_INSTALL_PREFIX=/home/gentleshaz/ros2_ws/l1/install/cpp_pubsub
[1.786s] Invoking command in '/home/gentleshaz/ros2_ws/l1/build/cpp_pubsub': CMAKE_PREFIX_PATH=/opt/ros/foxy:${CMAKE_PREFIX_PATH} /usr/bin/cmake --build /home/gentleshaz/ros2_ws/l1/build/cpp_pubsub -- -j4 -l4
[1.831s] [35m[1mScanning dependencies of target talker[0m
[1.831s] [35m[1mScanning dependencies of target listener[0m
[1.889s] [ 50%] [32mBuilding CXX object CMakeFiles/talker.dir/src/publisher_member_function.cpp.o[0m
[1.889s] [ 50%] [32mBuilding CXX object CMakeFiles/listener.dir/src/subscriber_member_function.cpp.o[0m
[6.561s] [ 75%] [32m[1mLinking CXX executable listener[0m
[6.682s] [100%] [32m[1mLinking CXX executable talker[0m
[6.847s] [100%] Built target listener
[6.967s] [100%] Built target talker
[6.980s] Invoked command in '/home/gentleshaz/ros2_ws/l1/build/cpp_pubsub' returned '0': CMAKE_PREFIX_PATH=/opt/ros/foxy:${CMAKE_PREFIX_PATH} /usr/bin/cmake --build /home/gentleshaz/ros2_ws/l1/build/cpp_pubsub -- -j4 -l4
[6.994s] Invoking command in '/home/gentleshaz/ros2_ws/l1/build/cpp_pubsub': CMAKE_PREFIX_PATH=/opt/ros/foxy:${CMAKE_PREFIX_PATH} /usr/bin/cmake --install /home/gentleshaz/ros2_ws/l1/build/cpp_pubsub
[7.002s] -- Install configuration: ""
[7.002s] -- Installing: /home/gentleshaz/ros2_ws/l1/install/cpp_pubsub/lib/cpp_pubsub/talker
[7.005s] -- Set runtime path of "/home/gentleshaz/ros2_ws/l1/install/cpp_pubsub/lib/cpp_pubsub/talker" to ""
[7.005s] -- Installing: /home/gentleshaz/ros2_ws/l1/install/cpp_pubsub/lib/cpp_pubsub/listener
[7.008s] -- Set runtime path of "/home/gentleshaz/ros2_ws/l1/install/cpp_pubsub/lib/cpp_pubsub/listener" to ""
[7.008s] -- Installing: /home/gentleshaz/ros2_ws/l1/install/cpp_pubsub/share/ament_index/resource_index/package_run_dependencies/cpp_pubsub
[7.008s] -- Installing: /home/gentleshaz/ros2_ws/l1/install/cpp_pubsub/share/ament_index/resource_index/parent_prefix_path/cpp_pubsub
[7.009s] -- Installing: /home/gentleshaz/ros2_ws/l1/install/cpp_pubsub/share/cpp_pubsub/environment/ament_prefix_path.sh
[7.009s] -- Installing: /home/gentleshaz/ros2_ws/l1/install/cpp_pubsub/share/cpp_pubsub/environment/ament_prefix_path.dsv
[7.009s] -- Installing: /home/gentleshaz/ros2_ws/l1/install/cpp_pubsub/share/cpp_pubsub/environment/path.sh
[7.009s] -- Installing: /home/gentleshaz/ros2_ws/l1/install/cpp_pubsub/share/cpp_pubsub/environment/path.dsv
[7.009s] -- Installing: /home/gentleshaz/ros2_ws/l1/install/cpp_pubsub/share/cpp_pubsub/local_setup.bash
[7.009s] -- Installing: /home/gentleshaz/ros2_ws/l1/install/cpp_pubsub/share/cpp_pubsub/local_setup.sh
[7.010s] -- Installing: /home/gentleshaz/ros2_ws/l1/install/cpp_pubsub/share/cpp_pubsub/local_setup.zsh
[7.010s] -- Installing: /home/gentleshaz/ros2_ws/l1/install/cpp_pubsub/share/cpp_pubsub/local_setup.dsv
[7.010s] -- Installing: /home/gentleshaz/ros2_ws/l1/install/cpp_pubsub/share/cpp_pubsub/package.dsv
[7.010s] -- Installing: /home/gentleshaz/ros2_ws/l1/install/cpp_pubsub/share/ament_index/resource_index/packages/cpp_pubsub
[7.010s] -- Installing: /home/gentleshaz/ros2_ws/l1/install/cpp_pubsub/share/cpp_pubsub/cmake/cpp_pubsubConfig.cmake
[7.010s] -- Installing: /home/gentleshaz/ros2_ws/l1/install/cpp_pubsub/share/cpp_pubsub/cmake/cpp_pubsubConfig-version.cmake
[7.011s] -- Installing: /home/gentleshaz/ros2_ws/l1/install/cpp_pubsub/share/cpp_pubsub/package.xml
[7.014s] Invoked command in '/home/gentleshaz/ros2_ws/l1/build/cpp_pubsub' returned '0': CMAKE_PREFIX_PATH=/opt/ros/foxy:${CMAKE_PREFIX_PATH} /usr/bin/cmake --install /home/gentleshaz/ros2_ws/l1/build/cpp_pubsub
