-- The C compiler identification is GNU 9.4.0
-- The CXX compiler identification is GNU 9.4.0
-- Check for working C compiler: /usr/bin/cc
-- Check for working C compiler: /usr/bin/cc -- works
-- Detecting C compiler ABI info
-- Detecting C compiler ABI info - done
-- Detecting C compile features
-- Detecting C compile features - done
-- Check for working CXX compiler: /usr/bin/c++
-- Check for working CXX compiler: /usr/bin/c++ -- works
-- Detecting CXX compiler ABI info
-- Detecting CXX compiler ABI info - done
-- Detecting CXX compile features
-- Detecting CXX compile features - done
-- Found ament_cmake: 0.9.12 (/opt/ros/foxy/share/ament_cmake/cmake)
-- Found PythonInterp: /usr/bin/python3 (found suitable version "3.8.10", minimum required is "3") 
-- Using PYTHON_EXECUTABLE: /usr/bin/python3
-- Found rclcpp: 2.4.3 (/opt/ros/foxy/share/rclcpp/cmake)
-- Using all available rosidl_typesupport_c: rosidl_typesupport_fastrtps_c;rosidl_typesupport_introspection_c
-- Found rosidl_adapter: 1.3.1 (/opt/ros/foxy/share/rosidl_adapter/cmake)
-- Found OpenSSL: /usr/lib/x86_64-linux-gnu/libcrypto.so (found version "1.1.1f")  
-- Found FastRTPS: /opt/ros/foxy/include  
-- Using all available rosidl_typesupport_cpp: rosidl_typesupport_fastrtps_cpp;rosidl_typesupport_introspection_cpp
-- Found rmw_implementation_cmake: 1.0.4 (/opt/ros/foxy/share/rmw_implementation_cmake/cmake)
-- Using RMW implementation 'rmw_fastrtps_cpp' as default
-- Looking for pthread.h
-- Looking for pthread.h - found
-- Performing Test CMAKE_HAVE_LIBC_PTHREAD
-- Performing Test CMAKE_HAVE_LIBC_PTHREAD - Failed
-- Looking for pthread_create in pthreads
-- Looking for pthread_create in pthreads - not found
-- Looking for pthread_create in pthread
-- Looking for pthread_create in pthread - found
-- Found Threads: TRUE  
-- Found geometry_msgs: 2.0.5 (/opt/ros/foxy/share/geometry_msgs/cmake)
-- Found sensor_msgs: 2.0.5 (/opt/ros/foxy/share/sensor_msgs/cmake)
-- Found nav_msgs: 2.0.5 (/opt/ros/foxy/share/nav_msgs/cmake)
-- Found ament_lint_auto: 0.9.8 (/opt/ros/foxy/share/ament_lint_auto/cmake)
-- Added test 'copyright' to check source files copyright and LICENSE
-- Added test 'cppcheck' to perform static code analysis on C / C++ code
-- Configured cppcheck include dirs: 
-- Configured cppcheck exclude dirs and/or files: 
-- Added test 'cpplint' to check C / C++ code against the Google style
-- Configured cpplint exclude dirs and/or files: 
-- Added test 'lint_cmake' to check CMake code style
-- Added test 'uncrustify' to check C / C++ code style
-- Configured uncrustify additional arguments: 
-- Added test 'xmllint' to check XML markup files
-- Configuring done
-- Generating done
-- Build files have been written to: /home/gentleshaz/ros2_ws/l4/build/control_selector
[35m[1mScanning dependencies of target control_selector_node[0m
[ 20%] [32mBuilding CXX object CMakeFiles/control_selector_node.dir/src/dummy_control.cpp.o[0m
[ 40%] [32mBuilding CXX object CMakeFiles/control_selector_node.dir/src/control_selector_node.cpp.o[0m
[ 60%] [32mBuilding CXX object CMakeFiles/control_selector_node.dir/src/voyagercontrol.cpp.o[0m
[ 80%] [32mBuilding CXX object CMakeFiles/control_selector_node.dir/src/wall_control.cpp.o[0m
[100%] [32m[1mLinking CXX executable control_selector_node[0m
[100%] Built target control_selector_node
-- Install configuration: ""
-- Installing: /home/gentleshaz/ros2_ws/l4/install/control_selector/lib/control_selector/control_selector_node
-- Set runtime path of "/home/gentleshaz/ros2_ws/l4/install/control_selector/lib/control_selector/control_selector_node" to ""
-- Installing: /home/gentleshaz/ros2_ws/l4/install/control_selector/share/control_selector/launch
-- Installing: /home/gentleshaz/ros2_ws/l4/install/control_selector/share/control_selector/launch/selector.launch.xml
-- Installing: /home/gentleshaz/ros2_ws/l4/install/control_selector/share/ament_index/resource_index/package_run_dependencies/control_selector
-- Installing: /home/gentleshaz/ros2_ws/l4/install/control_selector/share/ament_index/resource_index/parent_prefix_path/control_selector
-- Installing: /home/gentleshaz/ros2_ws/l4/install/control_selector/share/control_selector/environment/ament_prefix_path.sh
-- Installing: /home/gentleshaz/ros2_ws/l4/install/control_selector/share/control_selector/environment/ament_prefix_path.dsv
-- Installing: /home/gentleshaz/ros2_ws/l4/install/control_selector/share/control_selector/environment/path.sh
-- Installing: /home/gentleshaz/ros2_ws/l4/install/control_selector/share/control_selector/environment/path.dsv
-- Installing: /home/gentleshaz/ros2_ws/l4/install/control_selector/share/control_selector/local_setup.bash
-- Installing: /home/gentleshaz/ros2_ws/l4/install/control_selector/share/control_selector/local_setup.sh
-- Installing: /home/gentleshaz/ros2_ws/l4/install/control_selector/share/control_selector/local_setup.zsh
-- Installing: /home/gentleshaz/ros2_ws/l4/install/control_selector/share/control_selector/local_setup.dsv
-- Installing: /home/gentleshaz/ros2_ws/l4/install/control_selector/share/control_selector/package.dsv
-- Installing: /home/gentleshaz/ros2_ws/l4/install/control_selector/share/ament_index/resource_index/packages/control_selector
-- Installing: /home/gentleshaz/ros2_ws/l4/install/control_selector/share/control_selector/cmake/control_selectorConfig.cmake
-- Installing: /home/gentleshaz/ros2_ws/l4/install/control_selector/share/control_selector/cmake/control_selectorConfig-version.cmake
-- Installing: /home/gentleshaz/ros2_ws/l4/install/control_selector/share/control_selector/package.xml
